[2018-03-14 15:33:06.439] [INFO] pomelo - [32m[E:\NodeJs-Projects\H5Game.Server\node_modules\pomelo\lib\application.js] [39mapplication inited: "connector-server-1"
[2018-03-14 15:33:06.886] [INFO] pomelo - [32m[E:\NodeJs-Projects\H5Game.Server\node_modules\pomelo\lib\application.js] [39m"connector-server-1" enter after start...
[2018-03-14 15:33:06.891] [INFO] pomelo - [32m[E:\NodeJs-Projects\H5Game.Server\node_modules\pomelo\lib\application.js] [39m"connector-server-1" finish start
[2018-03-14 15:33:06.891] [INFO] pomelo - [32m[E:\NodeJs-Projects\H5Game.Server\node_modules\pomelo\lib\application.js] [39m"connector-server-1" startup in 384 ms
[2018-03-15 16:47:16.969] [INFO] pomelo - [32m[E:\NodeJs-Projects\H5Game.Server\node_modules\pomelo\lib\application.js] [39mapplication inited: "connector-server-1"
[2018-03-15 16:47:17.448] [INFO] pomelo - [32m[E:\NodeJs-Projects\H5Game.Server\node_modules\pomelo\lib\application.js] [39m"connector-server-1" enter after start...
[2018-03-15 16:47:17.452] [INFO] pomelo - [32m[E:\NodeJs-Projects\H5Game.Server\node_modules\pomelo\lib\application.js] [39m"connector-server-1" finish start
[2018-03-15 16:47:17.452] [INFO] pomelo - [32m[E:\NodeJs-Projects\H5Game.Server\node_modules\pomelo\lib\application.js] [39m"connector-server-1" startup in 288 ms
[2018-03-15 16:50:28.407] [INFO] pomelo - [32m[E:\NodeJs-Projects\H5Game.Server\node_modules\pomelo\lib\application.js] [39mapplication inited: "connector-server-1"
[2018-03-15 16:50:28.896] [INFO] pomelo - [32m[E:\NodeJs-Projects\H5Game.Server\node_modules\pomelo\lib\application.js] [39m"connector-server-1" enter after start...
[2018-03-15 16:50:28.901] [INFO] pomelo - [32m[E:\NodeJs-Projects\H5Game.Server\node_modules\pomelo\lib\application.js] [39m"connector-server-1" finish start
[2018-03-15 16:50:28.901] [INFO] pomelo - [32m[E:\NodeJs-Projects\H5Game.Server\node_modules\pomelo\lib\application.js] [39m"connector-server-1" startup in 293 ms
[2018-03-15 16:53:00.071] [INFO] pomelo - [32m[E:\NodeJs-Projects\H5Game.Server\node_modules\pomelo\lib\application.js] [39mapplication inited: "connector-server-1"
[2018-03-15 16:53:00.556] [INFO] pomelo - [32m[E:\NodeJs-Projects\H5Game.Server\node_modules\pomelo\lib\application.js] [39m"connector-server-1" enter after start...
[2018-03-15 16:53:00.560] [INFO] pomelo - [32m[E:\NodeJs-Projects\H5Game.Server\node_modules\pomelo\lib\application.js] [39m"connector-server-1" finish start
[2018-03-15 16:53:00.560] [INFO] pomelo - [32m[E:\NodeJs-Projects\H5Game.Server\node_modules\pomelo\lib\application.js] [39m"connector-server-1" startup in 291 ms
[2018-03-16 12:01:41.297] [INFO] pomelo - [32m[E:\NodeJs-Projects\H5Game.Server\node_modules\pomelo\lib\application.js] [39mapplication inited: "connector-server-1"
[2018-03-16 12:01:41.779] [INFO] pomelo - [32m[E:\NodeJs-Projects\H5Game.Server\node_modules\pomelo\lib\application.js] [39m"connector-server-1" enter after start...
[2018-03-16 12:01:41.783] [INFO] pomelo - [32m[E:\NodeJs-Projects\H5Game.Server\node_modules\pomelo\lib\application.js] [39m"connector-server-1" finish start
[2018-03-16 12:01:41.784] [INFO] pomelo - [32m[E:\NodeJs-Projects\H5Game.Server\node_modules\pomelo\lib\application.js] [39m"connector-server-1" startup in 277 ms
[2018-03-16 12:02:31.527] [INFO] pomelo - [32m[E:\NodeJs-Projects\H5Game.Server\node_modules\pomelo\lib\application.js] [39mapplication inited: "connector-server-1"
[2018-03-16 12:02:31.983] [INFO] pomelo - [32m[E:\NodeJs-Projects\H5Game.Server\node_modules\pomelo\lib\application.js] [39m"connector-server-1" enter after start...
[2018-03-16 12:02:31.987] [INFO] pomelo - [32m[E:\NodeJs-Projects\H5Game.Server\node_modules\pomelo\lib\application.js] [39m"connector-server-1" finish start
[2018-03-16 12:02:31.987] [INFO] pomelo - [32m[E:\NodeJs-Projects\H5Game.Server\node_modules\pomelo\lib\application.js] [39m"connector-server-1" startup in 274 ms
[2018-03-16 12:04:48.799] [INFO] pomelo - [32m[E:\NodeJs-Projects\H5Game.Server\node_modules\pomelo\lib\application.js] [39mapplication inited: "connector-server-1"
[2018-03-16 12:04:49.254] [INFO] pomelo - [32m[E:\NodeJs-Projects\H5Game.Server\node_modules\pomelo\lib\application.js] [39m"connector-server-1" enter after start...
[2018-03-16 12:04:49.258] [INFO] pomelo - [32m[E:\NodeJs-Projects\H5Game.Server\node_modules\pomelo\lib\application.js] [39m"connector-server-1" finish start
[2018-03-16 12:04:49.259] [INFO] pomelo - [32m[E:\NodeJs-Projects\H5Game.Server\node_modules\pomelo\lib\application.js] [39m"connector-server-1" startup in 264 ms
[2018-03-16 12:04:49.268] [DEBUG] pomelo - [36m[E:\NodeJs-Projects\H5Game.Server\node_modules\pomelo\lib\modules\monitorwatcher.js] [39m[connector-server-1] receive addServer signal: {"action":"addServer","server":{"main":"E:\\NodeJs-Projects\\H5Game.Server\\app.js","env":"development","id":"http-server-1","host":"127.0.0.1","port":53701,"entryJs":"restful.js","httpPort":58083,"args":"--debug=5859","serverType":"http","pid":18088}}
[2018-03-16 13:20:51.747] [INFO] pomelo - [32m[E:\NodeJs-Projects\H5Game.Server\node_modules\pomelo\lib\application.js] [39mapplication inited: "connector-server-1"
[2018-03-16 13:20:52.214] [INFO] pomelo - [32m[E:\NodeJs-Projects\H5Game.Server\node_modules\pomelo\lib\application.js] [39m"connector-server-1" enter after start...
[2018-03-16 13:20:52.218] [INFO] pomelo - [32m[E:\NodeJs-Projects\H5Game.Server\node_modules\pomelo\lib\application.js] [39m"connector-server-1" finish start
[2018-03-16 13:20:52.218] [INFO] pomelo - [32m[E:\NodeJs-Projects\H5Game.Server\node_modules\pomelo\lib\application.js] [39m"connector-server-1" startup in 275 ms
[2018-03-16 13:36:47.534] [INFO] pomelo - [32m[E:\NodeJs-Projects\H5Game.Server\node_modules\pomelo\lib\application.js] [39mapplication inited: "connector-server-1"
[2018-03-16 13:36:48.018] [INFO] pomelo - [32m[E:\NodeJs-Projects\H5Game.Server\node_modules\pomelo\lib\application.js] [39m"connector-server-1" enter after start...
[2018-03-16 13:36:48.021] [INFO] pomelo - [32m[E:\NodeJs-Projects\H5Game.Server\node_modules\pomelo\lib\application.js] [39m"connector-server-1" finish start
[2018-03-16 13:36:48.022] [INFO] pomelo - [32m[E:\NodeJs-Projects\H5Game.Server\node_modules\pomelo\lib\application.js] [39m"connector-server-1" startup in 427 ms
[2018-03-16 13:37:59.718] [INFO] pomelo - [32m[E:\NodeJs-Projects\H5Game.Server\node_modules\pomelo\lib\application.js] [39mapplication inited: "connector-server-1"
[2018-03-16 13:38:00.172] [INFO] pomelo - [32m[E:\NodeJs-Projects\H5Game.Server\node_modules\pomelo\lib\application.js] [39m"connector-server-1" enter after start...
[2018-03-16 13:38:00.176] [INFO] pomelo - [32m[E:\NodeJs-Projects\H5Game.Server\node_modules\pomelo\lib\application.js] [39m"connector-server-1" finish start
[2018-03-16 13:38:00.176] [INFO] pomelo - [32m[E:\NodeJs-Projects\H5Game.Server\node_modules\pomelo\lib\application.js] [39m"connector-server-1" startup in 396 ms
[2018-03-16 13:46:45.259] [INFO] pomelo - [32m[E:\NodeJs-Projects\H5Game.Server\node_modules\pomelo\lib\application.js] [39mapplication inited: "connector-server-1"
[2018-03-16 13:46:45.735] [INFO] pomelo - [32m[E:\NodeJs-Projects\H5Game.Server\node_modules\pomelo\lib\application.js] [39m"connector-server-1" enter after start...
[2018-03-16 13:46:45.739] [INFO] pomelo - [32m[E:\NodeJs-Projects\H5Game.Server\node_modules\pomelo\lib\application.js] [39m"connector-server-1" finish start
[2018-03-16 13:46:45.739] [INFO] pomelo - [32m[E:\NodeJs-Projects\H5Game.Server\node_modules\pomelo\lib\application.js] [39m"connector-server-1" startup in 418 ms
[2018-03-16 13:46:46.066] [DEBUG] pomelo - [36m[E:\NodeJs-Projects\H5Game.Server\node_modules\pomelo\lib\modules\monitorwatcher.js] [39m[connector-server-1] receive addServer signal: {"action":"addServer","server":{"main":"E:\\NodeJs-Projects\\H5Game.Server\\app.js","env":"development","id":"http-server-1","host":"127.0.0.1","port":53701,"entryJs":"restful.js","httpPort":58083,"args":"--debug=5859","serverType":"http","pid":3396}}
[2018-03-16 13:48:38.180] [DEBUG] pomelo - [36m[E:\NodeJs-Projects\H5Game.Server\node_modules\pomelo\lib\modules\monitorwatcher.js] [39mconnector-server-1 receive removeServer signal: {"action":"removeServer","id":"http-server-1"}
[2018-03-16 13:58:11.633] [INFO] pomelo - [32m[E:\NodeJs-Projects\H5Game.Server\node_modules\pomelo\lib\application.js] [39mapplication inited: "connector-server-1"
[2018-03-16 13:58:12.114] [INFO] pomelo - [32m[E:\NodeJs-Projects\H5Game.Server\node_modules\pomelo\lib\application.js] [39m"connector-server-1" enter after start...
[2018-03-16 13:58:12.118] [INFO] pomelo - [32m[E:\NodeJs-Projects\H5Game.Server\node_modules\pomelo\lib\application.js] [39m"connector-server-1" finish start
[2018-03-16 13:58:12.119] [INFO] pomelo - [32m[E:\NodeJs-Projects\H5Game.Server\node_modules\pomelo\lib\application.js] [39m"connector-server-1" startup in 422 ms
[2018-03-16 13:58:12.461] [DEBUG] pomelo - [36m[E:\NodeJs-Projects\H5Game.Server\node_modules\pomelo\lib\modules\monitorwatcher.js] [39m[connector-server-1] receive addServer signal: {"action":"addServer","server":{"main":"E:\\NodeJs-Projects\\H5Game.Server\\app.js","env":"development","id":"http-server-1","host":"127.0.0.1","port":53701,"entryJs":"restful.js","httpPort":58083,"args":"--debug=5859","serverType":"http","pid":760}}
[2018-03-16 14:00:17.927] [INFO] pomelo - [32m[E:\NodeJs-Projects\H5Game.Server\node_modules\pomelo\lib\application.js] [39mapplication inited: "connector-server-1"
[2018-03-16 14:00:18.397] [INFO] pomelo - [32m[E:\NodeJs-Projects\H5Game.Server\node_modules\pomelo\lib\application.js] [39m"connector-server-1" enter after start...
[2018-03-16 14:00:18.401] [INFO] pomelo - [32m[E:\NodeJs-Projects\H5Game.Server\node_modules\pomelo\lib\application.js] [39m"connector-server-1" finish start
[2018-03-16 14:00:18.402] [INFO] pomelo - [32m[E:\NodeJs-Projects\H5Game.Server\node_modules\pomelo\lib\application.js] [39m"connector-server-1" startup in 414 ms
[2018-03-16 14:00:18.762] [DEBUG] pomelo - [36m[E:\NodeJs-Projects\H5Game.Server\node_modules\pomelo\lib\modules\monitorwatcher.js] [39m[connector-server-1] receive addServer signal: {"action":"addServer","server":{"main":"E:\\NodeJs-Projects\\H5Game.Server\\app.js","env":"development","id":"http-server-1","host":"127.0.0.1","port":53701,"entryJs":"restful.js","httpPort":58083,"args":"--debug=5859","serverType":"http","pid":4964}}
[2018-03-16 14:00:33.532] [DEBUG] pomelo - [36m[E:\NodeJs-Projects\H5Game.Server\node_modules\pomelo\lib\modules\monitorwatcher.js] [39mconnector-server-1 receive removeServer signal: {"action":"removeServer","id":"http-server-1"}
[2018-03-16 14:01:12.224] [INFO] pomelo - [32m[E:\NodeJs-Projects\H5Game.Server\node_modules\pomelo\lib\application.js] [39mapplication inited: "connector-server-1"
[2018-03-16 14:01:12.703] [INFO] pomelo - [32m[E:\NodeJs-Projects\H5Game.Server\node_modules\pomelo\lib\application.js] [39m"connector-server-1" enter after start...
[2018-03-16 14:01:12.707] [INFO] pomelo - [32m[E:\NodeJs-Projects\H5Game.Server\node_modules\pomelo\lib\application.js] [39m"connector-server-1" finish start
[2018-03-16 14:01:12.708] [INFO] pomelo - [32m[E:\NodeJs-Projects\H5Game.Server\node_modules\pomelo\lib\application.js] [39m"connector-server-1" startup in 418 ms
[2018-03-16 14:01:13.053] [DEBUG] pomelo - [36m[E:\NodeJs-Projects\H5Game.Server\node_modules\pomelo\lib\modules\monitorwatcher.js] [39m[connector-server-1] receive addServer signal: {"action":"addServer","server":{"main":"E:\\NodeJs-Projects\\H5Game.Server\\app.js","env":"development","id":"http-server-1","host":"127.0.0.1","port":53701,"entryJs":"restful.js","httpPort":58083,"args":"--debug=5859","serverType":"http","pid":4276}}
[2018-03-16 14:10:31.809] [INFO] pomelo - [32m[E:\NodeJs-Projects\H5Game.Server\node_modules\pomelo\lib\application.js] [39mapplication inited: "connector-server-1"
[2018-03-16 14:10:32.271] [INFO] pomelo - [32m[E:\NodeJs-Projects\H5Game.Server\node_modules\pomelo\lib\application.js] [39m"connector-server-1" enter after start...
[2018-03-16 14:10:32.276] [INFO] pomelo - [32m[E:\NodeJs-Projects\H5Game.Server\node_modules\pomelo\lib\application.js] [39m"connector-server-1" finish start
[2018-03-16 14:10:32.276] [INFO] pomelo - [32m[E:\NodeJs-Projects\H5Game.Server\node_modules\pomelo\lib\application.js] [39m"connector-server-1" startup in 405 ms
[2018-03-16 14:10:32.648] [DEBUG] pomelo - [36m[E:\NodeJs-Projects\H5Game.Server\node_modules\pomelo\lib\modules\monitorwatcher.js] [39m[connector-server-1] receive addServer signal: {"action":"addServer","server":{"main":"E:\\NodeJs-Projects\\H5Game.Server\\app.js","env":"development","id":"http-server-1","host":"127.0.0.1","port":53701,"entryJs":"restful.js","httpPort":58083,"args":"--debug=5859","serverType":"http","pid":1036}}
[2018-03-16 14:18:07.829] [INFO] pomelo - [32m[E:\NodeJs-Projects\H5Game.Server\node_modules\pomelo\lib\application.js] [39mapplication inited: "connector-server-1"
[2018-03-16 14:18:08.314] [INFO] pomelo - [32m[E:\NodeJs-Projects\H5Game.Server\node_modules\pomelo\lib\application.js] [39m"connector-server-1" enter after start...
[2018-03-16 14:18:08.318] [INFO] pomelo - [32m[E:\NodeJs-Projects\H5Game.Server\node_modules\pomelo\lib\application.js] [39m"connector-server-1" finish start
[2018-03-16 14:18:08.318] [INFO] pomelo - [32m[E:\NodeJs-Projects\H5Game.Server\node_modules\pomelo\lib\application.js] [39m"connector-server-1" startup in 430 ms
[2018-03-16 14:18:08.628] [DEBUG] pomelo - [36m[E:\NodeJs-Projects\H5Game.Server\node_modules\pomelo\lib\modules\monitorwatcher.js] [39m[connector-server-1] receive addServer signal: {"action":"addServer","server":{"main":"E:\\NodeJs-Projects\\H5Game.Server\\app.js","env":"development","id":"http-server-1","host":"127.0.0.1","port":53701,"entryJs":"restful.js","httpPort":58083,"args":"--debug=5859","serverType":"http","pid":3896}}
[2018-03-16 14:19:52.782] [INFO] pomelo - [32m[E:\NodeJs-Projects\H5Game.Server\node_modules\pomelo\lib\application.js] [39mapplication inited: "connector-server-1"
[2018-03-16 14:19:53.239] [INFO] pomelo - [32m[E:\NodeJs-Projects\H5Game.Server\node_modules\pomelo\lib\application.js] [39m"connector-server-1" enter after start...
[2018-03-16 14:19:53.243] [INFO] pomelo - [32m[E:\NodeJs-Projects\H5Game.Server\node_modules\pomelo\lib\application.js] [39m"connector-server-1" finish start
[2018-03-16 14:19:53.243] [INFO] pomelo - [32m[E:\NodeJs-Projects\H5Game.Server\node_modules\pomelo\lib\application.js] [39m"connector-server-1" startup in 401 ms
[2018-03-16 14:19:53.613] [DEBUG] pomelo - [36m[E:\NodeJs-Projects\H5Game.Server\node_modules\pomelo\lib\modules\monitorwatcher.js] [39m[connector-server-1] receive addServer signal: {"action":"addServer","server":{"main":"E:\\NodeJs-Projects\\H5Game.Server\\app.js","env":"development","id":"http-server-1","host":"127.0.0.1","port":53701,"entryJs":"restful.js","httpPort":58083,"args":"--debug=5859","serverType":"http","pid":17128}}
[2018-03-16 14:19:57.037] [DEBUG] pomelo - [36m[E:\NodeJs-Projects\H5Game.Server\node_modules\pomelo\lib\modules\monitorwatcher.js] [39mconnector-server-1 receive removeServer signal: {"action":"removeServer","id":"http-server-1"}
[2018-03-16 14:20:44.439] [INFO] pomelo - [32m[E:\NodeJs-Projects\H5Game.Server\node_modules\pomelo\lib\application.js] [39mapplication inited: "connector-server-1"
[2018-03-16 14:20:44.910] [INFO] pomelo - [32m[E:\NodeJs-Projects\H5Game.Server\node_modules\pomelo\lib\application.js] [39m"connector-server-1" enter after start...
[2018-03-16 14:20:44.914] [INFO] pomelo - [32m[E:\NodeJs-Projects\H5Game.Server\node_modules\pomelo\lib\application.js] [39m"connector-server-1" finish start
[2018-03-16 14:20:44.914] [INFO] pomelo - [32m[E:\NodeJs-Projects\H5Game.Server\node_modules\pomelo\lib\application.js] [39m"connector-server-1" startup in 410 ms
[2018-03-16 14:20:45.259] [DEBUG] pomelo - [36m[E:\NodeJs-Projects\H5Game.Server\node_modules\pomelo\lib\modules\monitorwatcher.js] [39m[connector-server-1] receive addServer signal: {"action":"addServer","server":{"main":"E:\\NodeJs-Projects\\H5Game.Server\\app.js","env":"development","id":"http-server-1","host":"127.0.0.1","port":53701,"entryJs":"restful.js","httpPort":58083,"args":"--debug=5859","serverType":"http","pid":20432}}
[2018-03-16 14:21:45.808] [INFO] pomelo - [32m[E:\NodeJs-Projects\H5Game.Server\node_modules\pomelo\lib\application.js] [39mapplication inited: "connector-server-1"
[2018-03-16 14:21:46.257] [INFO] pomelo - [32m[E:\NodeJs-Projects\H5Game.Server\node_modules\pomelo\lib\application.js] [39m"connector-server-1" enter after start...
[2018-03-16 14:21:46.261] [INFO] pomelo - [32m[E:\NodeJs-Projects\H5Game.Server\node_modules\pomelo\lib\application.js] [39m"connector-server-1" finish start
[2018-03-16 14:21:46.262] [INFO] pomelo - [32m[E:\NodeJs-Projects\H5Game.Server\node_modules\pomelo\lib\application.js] [39m"connector-server-1" startup in 397 ms
[2018-03-16 14:21:46.625] [DEBUG] pomelo - [36m[E:\NodeJs-Projects\H5Game.Server\node_modules\pomelo\lib\modules\monitorwatcher.js] [39m[connector-server-1] receive addServer signal: {"action":"addServer","server":{"main":"E:\\NodeJs-Projects\\H5Game.Server\\app.js","env":"development","id":"http-server-1","host":"127.0.0.1","port":53701,"entryJs":"restful.js","httpPort":58083,"args":"--debug=5859","serverType":"http","pid":20484}}
[2018-03-16 14:24:09.390] [INFO] pomelo - [32m[E:\NodeJs-Projects\H5Game.Server\node_modules\pomelo\lib\application.js] [39mapplication inited: "connector-server-1"
[2018-03-16 14:24:09.860] [INFO] pomelo - [32m[E:\NodeJs-Projects\H5Game.Server\node_modules\pomelo\lib\application.js] [39m"connector-server-1" enter after start...
[2018-03-16 14:24:09.864] [INFO] pomelo - [32m[E:\NodeJs-Projects\H5Game.Server\node_modules\pomelo\lib\application.js] [39m"connector-server-1" finish start
[2018-03-16 14:24:09.864] [INFO] pomelo - [32m[E:\NodeJs-Projects\H5Game.Server\node_modules\pomelo\lib\application.js] [39m"connector-server-1" startup in 410 ms
[2018-03-16 14:24:10.185] [DEBUG] pomelo - [36m[E:\NodeJs-Projects\H5Game.Server\node_modules\pomelo\lib\modules\monitorwatcher.js] [39m[connector-server-1] receive addServer signal: {"action":"addServer","server":{"main":"E:\\NodeJs-Projects\\H5Game.Server\\app.js","env":"development","id":"http-server-1","host":"127.0.0.1","port":53701,"entryJs":"restful.js","httpPort":58083,"args":"--debug=5859","serverType":"http","pid":12144}}
[2018-03-16 14:24:13.961] [DEBUG] pomelo - [36m[E:\NodeJs-Projects\H5Game.Server\node_modules\pomelo\lib\modules\monitorwatcher.js] [39mconnector-server-1 receive removeServer signal: {"action":"removeServer","id":"http-server-1"}
[2018-03-16 14:25:04.422] [INFO] pomelo - [32m[E:\NodeJs-Projects\H5Game.Server\node_modules\pomelo\lib\application.js] [39mapplication inited: "connector-server-1"
[2018-03-16 14:25:04.970] [INFO] pomelo - [32m[E:\NodeJs-Projects\H5Game.Server\node_modules\pomelo\lib\application.js] [39m"connector-server-1" enter after start...
[2018-03-16 14:25:04.974] [INFO] pomelo - [32m[E:\NodeJs-Projects\H5Game.Server\node_modules\pomelo\lib\application.js] [39m"connector-server-1" finish start
[2018-03-16 14:25:04.975] [INFO] pomelo - [32m[E:\NodeJs-Projects\H5Game.Server\node_modules\pomelo\lib\application.js] [39m"connector-server-1" startup in 478 ms
[2018-03-16 14:25:05.339] [DEBUG] pomelo - [36m[E:\NodeJs-Projects\H5Game.Server\node_modules\pomelo\lib\modules\monitorwatcher.js] [39m[connector-server-1] receive addServer signal: {"action":"addServer","server":{"main":"E:\\NodeJs-Projects\\H5Game.Server\\app.js","env":"development","id":"http-server-1","host":"127.0.0.1","port":53701,"entryJs":"restful.js","httpPort":58083,"args":"--debug=5859","serverType":"http","pid":10632}}
[2018-03-16 14:25:08.605] [DEBUG] pomelo - [36m[E:\NodeJs-Projects\H5Game.Server\node_modules\pomelo\lib\modules\monitorwatcher.js] [39mconnector-server-1 receive removeServer signal: {"action":"removeServer","id":"http-server-1"}
[2018-03-16 14:31:26.867] [INFO] pomelo - [32m[E:\NodeJs-Projects\H5Game.Server\node_modules\pomelo\lib\application.js] [39mapplication inited: "connector-server-1"
[2018-03-16 14:31:27.330] [INFO] pomelo - [32m[E:\NodeJs-Projects\H5Game.Server\node_modules\pomelo\lib\application.js] [39m"connector-server-1" enter after start...
[2018-03-16 14:31:27.334] [INFO] pomelo - [32m[E:\NodeJs-Projects\H5Game.Server\node_modules\pomelo\lib\application.js] [39m"connector-server-1" finish start
[2018-03-16 14:31:27.335] [INFO] pomelo - [32m[E:\NodeJs-Projects\H5Game.Server\node_modules\pomelo\lib\application.js] [39m"connector-server-1" startup in 403 ms
[2018-03-16 14:31:27.685] [DEBUG] pomelo - [36m[E:\NodeJs-Projects\H5Game.Server\node_modules\pomelo\lib\modules\monitorwatcher.js] [39m[connector-server-1] receive addServer signal: {"action":"addServer","server":{"main":"E:\\NodeJs-Projects\\H5Game.Server\\app.js","env":"development","id":"http-server-1","host":"127.0.0.1","port":53701,"entryJs":"restful.js","httpPort":58083,"args":"--debug=5859","serverType":"http","pid":11116}}
[2018-03-16 14:37:40.357] [INFO] pomelo - [32m[E:\NodeJs-Projects\H5Game.Server\node_modules\pomelo\lib\application.js] [39mapplication inited: "connector-server-1"
[2018-03-16 14:37:40.819] [INFO] pomelo - [32m[E:\NodeJs-Projects\H5Game.Server\node_modules\pomelo\lib\application.js] [39m"connector-server-1" enter after start...
[2018-03-16 14:37:40.822] [INFO] pomelo - [32m[E:\NodeJs-Projects\H5Game.Server\node_modules\pomelo\lib\application.js] [39m"connector-server-1" finish start
[2018-03-16 14:37:40.823] [INFO] pomelo - [32m[E:\NodeJs-Projects\H5Game.Server\node_modules\pomelo\lib\application.js] [39m"connector-server-1" startup in 404 ms
[2018-03-16 14:37:41.149] [DEBUG] pomelo - [36m[E:\NodeJs-Projects\H5Game.Server\node_modules\pomelo\lib\modules\monitorwatcher.js] [39m[connector-server-1] receive addServer signal: {"action":"addServer","server":{"main":"E:\\NodeJs-Projects\\H5Game.Server\\app.js","env":"development","id":"http-server-1","host":"127.0.0.1","port":53701,"entryJs":"restful.js","httpPort":58083,"args":"--debug=5859","serverType":"http","pid":14712}}
[2018-03-16 14:41:40.826] [INFO] pomelo - [32m[E:\NodeJs-Projects\H5Game.Server\node_modules\pomelo\lib\application.js] [39mapplication inited: "connector-server-1"
[2018-03-16 14:41:41.296] [INFO] pomelo - [32m[E:\NodeJs-Projects\H5Game.Server\node_modules\pomelo\lib\application.js] [39m"connector-server-1" enter after start...
[2018-03-16 14:41:41.300] [INFO] pomelo - [32m[E:\NodeJs-Projects\H5Game.Server\node_modules\pomelo\lib\application.js] [39m"connector-server-1" finish start
[2018-03-16 14:41:41.301] [INFO] pomelo - [32m[E:\NodeJs-Projects\H5Game.Server\node_modules\pomelo\lib\application.js] [39m"connector-server-1" startup in 417 ms
[2018-03-16 14:41:41.637] [DEBUG] pomelo - [36m[E:\NodeJs-Projects\H5Game.Server\node_modules\pomelo\lib\modules\monitorwatcher.js] [39m[connector-server-1] receive addServer signal: {"action":"addServer","server":{"main":"E:\\NodeJs-Projects\\H5Game.Server\\app.js","env":"development","id":"http-server-1","host":"127.0.0.1","port":53701,"entryJs":"restful.js","httpPort":58083,"args":"--debug=5859","serverType":"http","pid":21216}}
[2018-03-16 14:41:46.980] [DEBUG] pomelo - [36m[E:\NodeJs-Projects\H5Game.Server\node_modules\pomelo\lib\modules\monitorwatcher.js] [39mconnector-server-1 receive removeServer signal: {"action":"removeServer","id":"http-server-1"}
[2018-03-16 14:42:24.320] [INFO] pomelo - [32m[E:\NodeJs-Projects\H5Game.Server\node_modules\pomelo\lib\application.js] [39mapplication inited: "connector-server-1"
[2018-03-16 14:42:24.803] [INFO] pomelo - [32m[E:\NodeJs-Projects\H5Game.Server\node_modules\pomelo\lib\application.js] [39m"connector-server-1" enter after start...
[2018-03-16 14:42:24.806] [INFO] pomelo - [32m[E:\NodeJs-Projects\H5Game.Server\node_modules\pomelo\lib\application.js] [39m"connector-server-1" finish start
[2018-03-16 14:42:24.807] [INFO] pomelo - [32m[E:\NodeJs-Projects\H5Game.Server\node_modules\pomelo\lib\application.js] [39m"connector-server-1" startup in 424 ms
[2018-03-16 14:42:25.148] [DEBUG] pomelo - [36m[E:\NodeJs-Projects\H5Game.Server\node_modules\pomelo\lib\modules\monitorwatcher.js] [39m[connector-server-1] receive addServer signal: {"action":"addServer","server":{"main":"E:\\NodeJs-Projects\\H5Game.Server\\app.js","env":"development","id":"http-server-1","host":"127.0.0.1","port":53701,"entryJs":"restful.js","httpPort":58083,"args":"--debug=5859","serverType":"http","pid":19164}}
[2018-03-16 14:52:20.268] [INFO] pomelo - [32m[E:\NodeJs-Projects\H5Game.Server\node_modules\pomelo\lib\application.js] [39mapplication inited: "connector-server-1"
[2018-03-16 14:52:20.750] [INFO] pomelo - [32m[E:\NodeJs-Projects\H5Game.Server\node_modules\pomelo\lib\application.js] [39m"connector-server-1" enter after start...
[2018-03-16 14:52:20.753] [INFO] pomelo - [32m[E:\NodeJs-Projects\H5Game.Server\node_modules\pomelo\lib\application.js] [39m"connector-server-1" finish start
[2018-03-16 14:52:20.754] [INFO] pomelo - [32m[E:\NodeJs-Projects\H5Game.Server\node_modules\pomelo\lib\application.js] [39m"connector-server-1" startup in 426 ms
[2018-03-16 14:52:21.056] [DEBUG] pomelo - [36m[E:\NodeJs-Projects\H5Game.Server\node_modules\pomelo\lib\modules\monitorwatcher.js] [39m[connector-server-1] receive addServer signal: {"action":"addServer","server":{"main":"E:\\NodeJs-Projects\\H5Game.Server\\app.js","env":"development","id":"http-server-1","host":"127.0.0.1","port":53701,"entryJs":"restful.js","httpPort":58083,"args":"--debug=5859","serverType":"http","pid":20960}}
[2018-03-16 14:55:12.353] [INFO] pomelo - [32m[E:\NodeJs-Projects\H5Game.Server\node_modules\pomelo\lib\application.js] [39mapplication inited: "connector-server-1"
[2018-03-16 14:55:12.833] [INFO] pomelo - [32m[E:\NodeJs-Projects\H5Game.Server\node_modules\pomelo\lib\application.js] [39m"connector-server-1" enter after start...
[2018-03-16 14:55:12.837] [INFO] pomelo - [32m[E:\NodeJs-Projects\H5Game.Server\node_modules\pomelo\lib\application.js] [39m"connector-server-1" finish start
[2018-03-16 14:55:12.838] [INFO] pomelo - [32m[E:\NodeJs-Projects\H5Game.Server\node_modules\pomelo\lib\application.js] [39m"connector-server-1" startup in 423 ms
[2018-03-16 14:55:13.140] [DEBUG] pomelo - [36m[E:\NodeJs-Projects\H5Game.Server\node_modules\pomelo\lib\modules\monitorwatcher.js] [39m[connector-server-1] receive addServer signal: {"action":"addServer","server":{"main":"E:\\NodeJs-Projects\\H5Game.Server\\app.js","env":"development","id":"http-server-1","host":"127.0.0.1","port":53701,"entryJs":"restful.js","httpPort":58083,"args":"--debug=5859","serverType":"http","pid":17580}}
[2018-03-16 15:04:49.527] [INFO] pomelo - [32m[E:\NodeJs-Projects\H5Game.Server\node_modules\pomelo\lib\application.js] [39mapplication inited: "connector-server-1"
[2018-03-16 15:04:50.025] [INFO] pomelo - [32m[E:\NodeJs-Projects\H5Game.Server\node_modules\pomelo\lib\application.js] [39m"connector-server-1" enter after start...
[2018-03-16 15:04:50.029] [INFO] pomelo - [32m[E:\NodeJs-Projects\H5Game.Server\node_modules\pomelo\lib\application.js] [39m"connector-server-1" finish start
[2018-03-16 15:04:50.029] [INFO] pomelo - [32m[E:\NodeJs-Projects\H5Game.Server\node_modules\pomelo\lib\application.js] [39m"connector-server-1" startup in 441 ms
[2018-03-16 15:04:50.322] [DEBUG] pomelo - [36m[E:\NodeJs-Projects\H5Game.Server\node_modules\pomelo\lib\modules\monitorwatcher.js] [39m[connector-server-1] receive addServer signal: {"action":"addServer","server":{"main":"E:\\NodeJs-Projects\\H5Game.Server\\app.js","env":"development","id":"http-server-1","host":"127.0.0.1","port":53701,"entryJs":"restful.js","httpPort":58083,"args":"--debug=5859","serverType":"http","pid":13416}}
[2018-03-16 15:05:18.932] [INFO] pomelo - [32m[E:\NodeJs-Projects\H5Game.Server\node_modules\pomelo\lib\application.js] [39mapplication inited: "connector-server-1"
[2018-03-16 15:05:19.415] [INFO] pomelo - [32m[E:\NodeJs-Projects\H5Game.Server\node_modules\pomelo\lib\application.js] [39m"connector-server-1" enter after start...
[2018-03-16 15:05:19.419] [INFO] pomelo - [32m[E:\NodeJs-Projects\H5Game.Server\node_modules\pomelo\lib\application.js] [39m"connector-server-1" finish start
[2018-03-16 15:05:19.420] [INFO] pomelo - [32m[E:\NodeJs-Projects\H5Game.Server\node_modules\pomelo\lib\application.js] [39m"connector-server-1" startup in 428 ms
[2018-03-16 15:05:19.738] [DEBUG] pomelo - [36m[E:\NodeJs-Projects\H5Game.Server\node_modules\pomelo\lib\modules\monitorwatcher.js] [39m[connector-server-1] receive addServer signal: {"action":"addServer","server":{"main":"E:\\NodeJs-Projects\\H5Game.Server\\app.js","env":"development","id":"http-server-1","host":"127.0.0.1","port":53701,"entryJs":"restful.js","httpPort":58083,"args":"--debug=5859","serverType":"http","pid":1604}}
[2018-03-16 15:05:55.751] [INFO] pomelo - [32m[E:\NodeJs-Projects\H5Game.Server\node_modules\pomelo\lib\application.js] [39mapplication inited: "connector-server-1"
[2018-03-16 15:05:56.227] [INFO] pomelo - [32m[E:\NodeJs-Projects\H5Game.Server\node_modules\pomelo\lib\application.js] [39m"connector-server-1" enter after start...
[2018-03-16 15:05:56.231] [INFO] pomelo - [32m[E:\NodeJs-Projects\H5Game.Server\node_modules\pomelo\lib\application.js] [39m"connector-server-1" finish start
[2018-03-16 15:05:56.232] [INFO] pomelo - [32m[E:\NodeJs-Projects\H5Game.Server\node_modules\pomelo\lib\application.js] [39m"connector-server-1" startup in 422 ms
[2018-03-16 15:05:56.591] [DEBUG] pomelo - [36m[E:\NodeJs-Projects\H5Game.Server\node_modules\pomelo\lib\modules\monitorwatcher.js] [39m[connector-server-1] receive addServer signal: {"action":"addServer","server":{"main":"E:\\NodeJs-Projects\\H5Game.Server\\app.js","env":"development","id":"http-server-1","host":"127.0.0.1","port":53701,"entryJs":"restful.js","httpPort":58083,"args":"--debug=5859","serverType":"http","pid":13944}}
[2018-03-16 15:15:19.208] [INFO] pomelo - [32m[E:\NodeJs-Projects\H5Game.Server\node_modules\pomelo\lib\application.js] [39mapplication inited: "connector-server-1"
[2018-03-16 15:15:19.672] [INFO] pomelo - [32m[E:\NodeJs-Projects\H5Game.Server\node_modules\pomelo\lib\application.js] [39m"connector-server-1" enter after start...
[2018-03-16 15:15:19.676] [INFO] pomelo - [32m[E:\NodeJs-Projects\H5Game.Server\node_modules\pomelo\lib\application.js] [39m"connector-server-1" finish start
[2018-03-16 15:15:19.676] [INFO] pomelo - [32m[E:\NodeJs-Projects\H5Game.Server\node_modules\pomelo\lib\application.js] [39m"connector-server-1" startup in 410 ms
[2018-03-16 15:15:20.004] [DEBUG] pomelo - [36m[E:\NodeJs-Projects\H5Game.Server\node_modules\pomelo\lib\modules\monitorwatcher.js] [39m[connector-server-1] receive addServer signal: {"action":"addServer","server":{"main":"E:\\NodeJs-Projects\\H5Game.Server\\app.js","env":"development","id":"http-server-1","host":"127.0.0.1","port":53701,"entryJs":"restful.js","httpPort":58083,"args":"--debug=5859","serverType":"http","pid":11672}}
[2018-03-16 15:16:05.083] [INFO] pomelo - [32m[E:\NodeJs-Projects\H5Game.Server\node_modules\pomelo\lib\application.js] [39mapplication inited: "connector-server-1"
[2018-03-16 15:16:05.563] [INFO] pomelo - [32m[E:\NodeJs-Projects\H5Game.Server\node_modules\pomelo\lib\application.js] [39m"connector-server-1" enter after start...
[2018-03-16 15:16:05.567] [INFO] pomelo - [32m[E:\NodeJs-Projects\H5Game.Server\node_modules\pomelo\lib\application.js] [39m"connector-server-1" finish start
[2018-03-16 15:16:05.567] [INFO] pomelo - [32m[E:\NodeJs-Projects\H5Game.Server\node_modules\pomelo\lib\application.js] [39m"connector-server-1" startup in 425 ms
[2018-03-16 15:16:05.902] [DEBUG] pomelo - [36m[E:\NodeJs-Projects\H5Game.Server\node_modules\pomelo\lib\modules\monitorwatcher.js] [39m[connector-server-1] receive addServer signal: {"action":"addServer","server":{"main":"E:\\NodeJs-Projects\\H5Game.Server\\app.js","env":"development","id":"http-server-1","host":"127.0.0.1","port":53701,"entryJs":"restful.js","httpPort":58083,"args":"--debug=5859","serverType":"http","pid":20288}}
[2018-03-16 15:27:29.022] [INFO] pomelo - [32m[E:\NodeJs-Projects\H5Game.Server\node_modules\pomelo\lib\application.js] [39mapplication inited: "connector-server-1"
[2018-03-16 15:27:29.487] [INFO] pomelo - [32m[E:\NodeJs-Projects\H5Game.Server\node_modules\pomelo\lib\application.js] [39m"connector-server-1" enter after start...
[2018-03-16 15:27:29.491] [INFO] pomelo - [32m[E:\NodeJs-Projects\H5Game.Server\node_modules\pomelo\lib\application.js] [39m"connector-server-1" finish start
[2018-03-16 15:27:29.491] [INFO] pomelo - [32m[E:\NodeJs-Projects\H5Game.Server\node_modules\pomelo\lib\application.js] [39m"connector-server-1" startup in 411 ms
[2018-03-16 15:37:56.662] [INFO] pomelo - [32m[E:\NodeJs-Projects\H5Game.Server\node_modules\pomelo\lib\application.js] [39mapplication inited: "connector-server-1"
[2018-03-16 15:37:57.134] [INFO] pomelo - [32m[E:\NodeJs-Projects\H5Game.Server\node_modules\pomelo\lib\application.js] [39m"connector-server-1" enter after start...
[2018-03-16 15:37:57.138] [INFO] pomelo - [32m[E:\NodeJs-Projects\H5Game.Server\node_modules\pomelo\lib\application.js] [39m"connector-server-1" finish start
[2018-03-16 15:37:57.138] [INFO] pomelo - [32m[E:\NodeJs-Projects\H5Game.Server\node_modules\pomelo\lib\application.js] [39m"connector-server-1" startup in 414 ms
[2018-03-16 15:39:45.531] [INFO] pomelo - [32m[E:\NodeJs-Projects\H5Game.Server\node_modules\pomelo\lib\application.js] [39mapplication inited: "connector-server-1"
[2018-03-16 15:39:45.999] [INFO] pomelo - [32m[E:\NodeJs-Projects\H5Game.Server\node_modules\pomelo\lib\application.js] [39m"connector-server-1" enter after start...
[2018-03-16 15:39:46.003] [INFO] pomelo - [32m[E:\NodeJs-Projects\H5Game.Server\node_modules\pomelo\lib\application.js] [39m"connector-server-1" finish start
[2018-03-16 15:39:46.003] [INFO] pomelo - [32m[E:\NodeJs-Projects\H5Game.Server\node_modules\pomelo\lib\application.js] [39m"connector-server-1" startup in 413 ms
[2018-03-16 15:39:46.343] [DEBUG] pomelo - [36m[E:\NodeJs-Projects\H5Game.Server\node_modules\pomelo\lib\modules\monitorwatcher.js] [39m[connector-server-1] receive addServer signal: {"action":"addServer","server":{"main":"E:\\NodeJs-Projects\\H5Game.Server\\app.js","env":"development","id":"http-server-1","host":"127.0.0.1","port":53701,"entryJs":"restful.js","httpPort":58083,"args":"--debug=5859","serverType":"http","pid":20668}}
[2018-03-16 15:43:15.983] [INFO] pomelo - [32m[E:\NodeJs-Projects\H5Game.Server\node_modules\pomelo\lib\application.js] [39mapplication inited: "connector-server-1"
[2018-03-16 15:43:16.454] [INFO] pomelo - [32m[E:\NodeJs-Projects\H5Game.Server\node_modules\pomelo\lib\application.js] [39m"connector-server-1" enter after start...
[2018-03-16 15:43:16.457] [INFO] pomelo - [32m[E:\NodeJs-Projects\H5Game.Server\node_modules\pomelo\lib\application.js] [39m"connector-server-1" finish start
[2018-03-16 15:43:16.458] [INFO] pomelo - [32m[E:\NodeJs-Projects\H5Game.Server\node_modules\pomelo\lib\application.js] [39m"connector-server-1" startup in 416 ms
[2018-03-16 15:43:16.784] [DEBUG] pomelo - [36m[E:\NodeJs-Projects\H5Game.Server\node_modules\pomelo\lib\modules\monitorwatcher.js] [39m[connector-server-1] receive addServer signal: {"action":"addServer","server":{"main":"E:\\NodeJs-Projects\\H5Game.Server\\app.js","env":"development","id":"http-server-1","host":"127.0.0.1","port":53701,"entryJs":"restful.js","httpPort":58083,"args":"--debug=5859","serverType":"http","pid":12944}}
[2018-03-16 15:46:06.328] [INFO] pomelo - [32m[E:\NodeJs-Projects\H5Game.Server\node_modules\pomelo\lib\application.js] [39mapplication inited: "connector-server-1"
[2018-03-16 15:46:06.794] [INFO] pomelo - [32m[E:\NodeJs-Projects\H5Game.Server\node_modules\pomelo\lib\application.js] [39m"connector-server-1" enter after start...
[2018-03-16 15:46:06.798] [INFO] pomelo - [32m[E:\NodeJs-Projects\H5Game.Server\node_modules\pomelo\lib\application.js] [39m"connector-server-1" finish start
[2018-03-16 15:46:06.798] [INFO] pomelo - [32m[E:\NodeJs-Projects\H5Game.Server\node_modules\pomelo\lib\application.js] [39m"connector-server-1" startup in 410 ms
[2018-03-16 15:46:07.120] [DEBUG] pomelo - [36m[E:\NodeJs-Projects\H5Game.Server\node_modules\pomelo\lib\modules\monitorwatcher.js] [39m[connector-server-1] receive addServer signal: {"action":"addServer","server":{"main":"E:\\NodeJs-Projects\\H5Game.Server\\app.js","env":"development","id":"http-server-1","host":"127.0.0.1","port":53701,"entryJs":"restful.js","httpPort":58083,"args":"--debug=5859","serverType":"http","pid":5292}}
[2018-03-16 15:47:02.395] [INFO] pomelo - [32m[E:\NodeJs-Projects\H5Game.Server\node_modules\pomelo\lib\application.js] [39mapplication inited: "connector-server-1"
[2018-03-16 15:47:02.874] [INFO] pomelo - [32m[E:\NodeJs-Projects\H5Game.Server\node_modules\pomelo\lib\application.js] [39m"connector-server-1" enter after start...
[2018-03-16 15:47:02.878] [INFO] pomelo - [32m[E:\NodeJs-Projects\H5Game.Server\node_modules\pomelo\lib\application.js] [39m"connector-server-1" finish start
[2018-03-16 15:47:02.878] [INFO] pomelo - [32m[E:\NodeJs-Projects\H5Game.Server\node_modules\pomelo\lib\application.js] [39m"connector-server-1" startup in 415 ms
[2018-03-16 15:47:03.185] [DEBUG] pomelo - [36m[E:\NodeJs-Projects\H5Game.Server\node_modules\pomelo\lib\modules\monitorwatcher.js] [39m[connector-server-1] receive addServer signal: {"action":"addServer","server":{"main":"E:\\NodeJs-Projects\\H5Game.Server\\app.js","env":"development","id":"http-server-1","host":"127.0.0.1","port":53701,"entryJs":"restful.js","httpPort":58083,"args":"--debug=5859","serverType":"http","pid":14236}}
[2018-03-16 15:49:15.560] [INFO] pomelo - [32m[E:\NodeJs-Projects\H5Game.Server\node_modules\pomelo\lib\application.js] [39mapplication inited: "connector-server-1"
[2018-03-16 15:49:16.018] [INFO] pomelo - [32m[E:\NodeJs-Projects\H5Game.Server\node_modules\pomelo\lib\application.js] [39m"connector-server-1" enter after start...
[2018-03-16 15:49:16.022] [INFO] pomelo - [32m[E:\NodeJs-Projects\H5Game.Server\node_modules\pomelo\lib\application.js] [39m"connector-server-1" finish start
[2018-03-16 15:49:16.022] [INFO] pomelo - [32m[E:\NodeJs-Projects\H5Game.Server\node_modules\pomelo\lib\application.js] [39m"connector-server-1" startup in 400 ms
[2018-03-16 15:49:16.353] [DEBUG] pomelo - [36m[E:\NodeJs-Projects\H5Game.Server\node_modules\pomelo\lib\modules\monitorwatcher.js] [39m[connector-server-1] receive addServer signal: {"action":"addServer","server":{"main":"E:\\NodeJs-Projects\\H5Game.Server\\app.js","env":"development","id":"http-server-1","host":"127.0.0.1","port":53701,"entryJs":"restful.js","httpPort":58083,"args":"--debug=5859","serverType":"http","pid":4404}}
[2018-03-16 15:49:59.404] [INFO] pomelo - [32m[E:\NodeJs-Projects\H5Game.Server\node_modules\pomelo\lib\application.js] [39mapplication inited: "connector-server-1"
[2018-03-16 15:49:59.873] [INFO] pomelo - [32m[E:\NodeJs-Projects\H5Game.Server\node_modules\pomelo\lib\application.js] [39m"connector-server-1" enter after start...
[2018-03-16 15:49:59.877] [INFO] pomelo - [32m[E:\NodeJs-Projects\H5Game.Server\node_modules\pomelo\lib\application.js] [39m"connector-server-1" finish start
[2018-03-16 15:49:59.878] [INFO] pomelo - [32m[E:\NodeJs-Projects\H5Game.Server\node_modules\pomelo\lib\application.js] [39m"connector-server-1" startup in 408 ms
[2018-03-16 15:50:00.213] [DEBUG] pomelo - [36m[E:\NodeJs-Projects\H5Game.Server\node_modules\pomelo\lib\modules\monitorwatcher.js] [39m[connector-server-1] receive addServer signal: {"action":"addServer","server":{"main":"E:\\NodeJs-Projects\\H5Game.Server\\app.js","env":"development","id":"http-server-1","host":"127.0.0.1","port":53701,"entryJs":"restful.js","httpPort":58083,"args":"--debug=5859","serverType":"http","pid":14992}}
[2018-03-16 15:51:03.955] [INFO] pomelo - [32m[E:\NodeJs-Projects\H5Game.Server\node_modules\pomelo\lib\application.js] [39mapplication inited: "connector-server-1"
[2018-03-16 15:51:04.444] [INFO] pomelo - [32m[E:\NodeJs-Projects\H5Game.Server\node_modules\pomelo\lib\application.js] [39m"connector-server-1" enter after start...
[2018-03-16 15:51:04.448] [INFO] pomelo - [32m[E:\NodeJs-Projects\H5Game.Server\node_modules\pomelo\lib\application.js] [39m"connector-server-1" finish start
[2018-03-16 15:51:04.448] [INFO] pomelo - [32m[E:\NodeJs-Projects\H5Game.Server\node_modules\pomelo\lib\application.js] [39m"connector-server-1" startup in 432 ms
[2018-03-16 15:51:04.752] [DEBUG] pomelo - [36m[E:\NodeJs-Projects\H5Game.Server\node_modules\pomelo\lib\modules\monitorwatcher.js] [39m[connector-server-1] receive addServer signal: {"action":"addServer","server":{"main":"E:\\NodeJs-Projects\\H5Game.Server\\app.js","env":"development","id":"http-server-1","host":"127.0.0.1","port":53701,"entryJs":"restful.js","httpPort":58083,"args":"--debug=5859","serverType":"http","pid":20628}}
[2018-03-16 15:52:17.788] [INFO] pomelo - [32m[E:\NodeJs-Projects\H5Game.Server\node_modules\pomelo\lib\application.js] [39mapplication inited: "connector-server-1"
[2018-03-16 15:52:18.257] [INFO] pomelo - [32m[E:\NodeJs-Projects\H5Game.Server\node_modules\pomelo\lib\application.js] [39m"connector-server-1" enter after start...
[2018-03-16 15:52:18.261] [INFO] pomelo - [32m[E:\NodeJs-Projects\H5Game.Server\node_modules\pomelo\lib\application.js] [39m"connector-server-1" finish start
[2018-03-16 15:52:18.261] [INFO] pomelo - [32m[E:\NodeJs-Projects\H5Game.Server\node_modules\pomelo\lib\application.js] [39m"connector-server-1" startup in 414 ms
[2018-03-16 15:52:18.610] [DEBUG] pomelo - [36m[E:\NodeJs-Projects\H5Game.Server\node_modules\pomelo\lib\modules\monitorwatcher.js] [39m[connector-server-1] receive addServer signal: {"action":"addServer","server":{"main":"E:\\NodeJs-Projects\\H5Game.Server\\app.js","env":"development","id":"http-server-1","host":"127.0.0.1","port":53701,"entryJs":"restful.js","httpPort":58083,"args":"--debug=5859","serverType":"http","pid":17796}}
[2018-03-16 15:54:40.432] [INFO] pomelo - [32m[E:\NodeJs-Projects\H5Game.Server\node_modules\pomelo\lib\application.js] [39mapplication inited: "connector-server-1"
[2018-03-16 15:54:40.898] [INFO] pomelo - [32m[E:\NodeJs-Projects\H5Game.Server\node_modules\pomelo\lib\application.js] [39m"connector-server-1" enter after start...
[2018-03-16 15:54:40.901] [INFO] pomelo - [32m[E:\NodeJs-Projects\H5Game.Server\node_modules\pomelo\lib\application.js] [39m"connector-server-1" finish start
[2018-03-16 15:54:40.902] [INFO] pomelo - [32m[E:\NodeJs-Projects\H5Game.Server\node_modules\pomelo\lib\application.js] [39m"connector-server-1" startup in 405 ms
[2018-03-16 15:54:41.230] [DEBUG] pomelo - [36m[E:\NodeJs-Projects\H5Game.Server\node_modules\pomelo\lib\modules\monitorwatcher.js] [39m[connector-server-1] receive addServer signal: {"action":"addServer","server":{"main":"E:\\NodeJs-Projects\\H5Game.Server\\app.js","env":"development","id":"http-server-1","host":"127.0.0.1","port":53701,"entryJs":"restful.js","httpPort":58083,"args":"--debug=5859","serverType":"http","pid":21448}}
[2018-03-16 15:55:53.838] [INFO] pomelo - [32m[E:\NodeJs-Projects\H5Game.Server\node_modules\pomelo\lib\application.js] [39mapplication inited: "connector-server-1"
[2018-03-16 15:55:54.284] [INFO] pomelo - [32m[E:\NodeJs-Projects\H5Game.Server\node_modules\pomelo\lib\application.js] [39m"connector-server-1" enter after start...
[2018-03-16 15:55:54.288] [INFO] pomelo - [32m[E:\NodeJs-Projects\H5Game.Server\node_modules\pomelo\lib\application.js] [39m"connector-server-1" finish start
[2018-03-16 15:55:54.288] [INFO] pomelo - [32m[E:\NodeJs-Projects\H5Game.Server\node_modules\pomelo\lib\application.js] [39m"connector-server-1" startup in 391 ms
[2018-03-16 15:55:54.635] [DEBUG] pomelo - [36m[E:\NodeJs-Projects\H5Game.Server\node_modules\pomelo\lib\modules\monitorwatcher.js] [39m[connector-server-1] receive addServer signal: {"action":"addServer","server":{"main":"E:\\NodeJs-Projects\\H5Game.Server\\app.js","env":"development","id":"http-server-1","host":"127.0.0.1","port":53701,"entryJs":"restful.js","httpPort":58083,"args":"--debug=5859","serverType":"http","pid":15116}}
[2018-03-16 16:00:09.065] [INFO] pomelo - [32m[E:\NodeJs-Projects\H5Game.Server\node_modules\pomelo\lib\application.js] [39mapplication inited: "connector-server-1"
[2018-03-16 16:00:09.528] [INFO] pomelo - [32m[E:\NodeJs-Projects\H5Game.Server\node_modules\pomelo\lib\application.js] [39m"connector-server-1" enter after start...
[2018-03-16 16:00:09.532] [INFO] pomelo - [32m[E:\NodeJs-Projects\H5Game.Server\node_modules\pomelo\lib\application.js] [39m"connector-server-1" finish start
[2018-03-16 16:00:09.532] [INFO] pomelo - [32m[E:\NodeJs-Projects\H5Game.Server\node_modules\pomelo\lib\application.js] [39m"connector-server-1" startup in 404 ms
[2018-03-16 16:00:09.879] [DEBUG] pomelo - [36m[E:\NodeJs-Projects\H5Game.Server\node_modules\pomelo\lib\modules\monitorwatcher.js] [39m[connector-server-1] receive addServer signal: {"action":"addServer","server":{"main":"E:\\NodeJs-Projects\\H5Game.Server\\app.js","env":"development","id":"http-server-1","host":"127.0.0.1","port":53701,"entryJs":"restful.js","httpPort":58083,"args":"--debug=5859","serverType":"http","pid":13624}}
[2018-03-16 16:11:10.561] [INFO] pomelo - [32m[E:\NodeJs-Projects\H5Game.Server\node_modules\pomelo\lib\application.js] [39mapplication inited: "connector-server-1"
[2018-03-16 16:11:11.048] [INFO] pomelo - [32m[E:\NodeJs-Projects\H5Game.Server\node_modules\pomelo\lib\application.js] [39m"connector-server-1" enter after start...
[2018-03-16 16:11:11.051] [INFO] pomelo - [32m[E:\NodeJs-Projects\H5Game.Server\node_modules\pomelo\lib\application.js] [39m"connector-server-1" finish start
[2018-03-16 16:11:11.052] [INFO] pomelo - [32m[E:\NodeJs-Projects\H5Game.Server\node_modules\pomelo\lib\application.js] [39m"connector-server-1" startup in 432 ms
[2018-03-16 16:11:11.360] [DEBUG] pomelo - [36m[E:\NodeJs-Projects\H5Game.Server\node_modules\pomelo\lib\modules\monitorwatcher.js] [39m[connector-server-1] receive addServer signal: {"action":"addServer","server":{"main":"E:\\NodeJs-Projects\\H5Game.Server\\app.js","env":"development","id":"http-server-1","host":"127.0.0.1","port":53701,"entryJs":"restful.js","httpPort":58083,"args":"--debug=5859","serverType":"http","pid":16944}}
[2018-03-16 16:22:17.327] [INFO] pomelo - [32m[E:\NodeJs-Projects\H5Game.Server\node_modules\pomelo\lib\application.js] [39mapplication inited: "connector-server-1"
[2018-03-16 16:22:17.841] [INFO] pomelo - [32m[E:\NodeJs-Projects\H5Game.Server\node_modules\pomelo\lib\application.js] [39m"connector-server-1" enter after start...
[2018-03-16 16:22:17.844] [INFO] pomelo - [32m[E:\NodeJs-Projects\H5Game.Server\node_modules\pomelo\lib\application.js] [39m"connector-server-1" finish start
[2018-03-16 16:22:17.845] [INFO] pomelo - [32m[E:\NodeJs-Projects\H5Game.Server\node_modules\pomelo\lib\application.js] [39m"connector-server-1" startup in 452 ms
[2018-03-16 16:22:18.172] [DEBUG] pomelo - [36m[E:\NodeJs-Projects\H5Game.Server\node_modules\pomelo\lib\modules\monitorwatcher.js] [39m[connector-server-1] receive addServer signal: {"action":"addServer","server":{"main":"E:\\NodeJs-Projects\\H5Game.Server\\app.js","env":"development","id":"http-server-1","host":"127.0.0.1","port":53701,"entryJs":"restful.js","httpPort":58083,"args":"--debug=5859","serverType":"http","pid":980}}
[2018-03-16 16:22:39.689] [INFO] pomelo - [32m[E:\NodeJs-Projects\H5Game.Server\node_modules\pomelo\lib\application.js] [39mapplication inited: "connector-server-1"
[2018-03-16 16:22:40.142] [INFO] pomelo - [32m[E:\NodeJs-Projects\H5Game.Server\node_modules\pomelo\lib\application.js] [39m"connector-server-1" enter after start...
[2018-03-16 16:22:40.145] [INFO] pomelo - [32m[E:\NodeJs-Projects\H5Game.Server\node_modules\pomelo\lib\application.js] [39m"connector-server-1" finish start
[2018-03-16 16:22:40.146] [INFO] pomelo - [32m[E:\NodeJs-Projects\H5Game.Server\node_modules\pomelo\lib\application.js] [39m"connector-server-1" startup in 397 ms
[2018-03-16 16:22:40.482] [DEBUG] pomelo - [36m[E:\NodeJs-Projects\H5Game.Server\node_modules\pomelo\lib\modules\monitorwatcher.js] [39m[connector-server-1] receive addServer signal: {"action":"addServer","server":{"main":"E:\\NodeJs-Projects\\H5Game.Server\\app.js","env":"development","id":"http-server-1","host":"127.0.0.1","port":53701,"entryJs":"restful.js","httpPort":58083,"args":"--debug=5859","serverType":"http","pid":1448}}
[2018-03-16 16:23:50.975] [INFO] pomelo - [32m[E:\NodeJs-Projects\H5Game.Server\node_modules\pomelo\lib\application.js] [39mapplication inited: "connector-server-1"
[2018-03-16 16:23:51.438] [INFO] pomelo - [32m[E:\NodeJs-Projects\H5Game.Server\node_modules\pomelo\lib\application.js] [39m"connector-server-1" enter after start...
[2018-03-16 16:23:51.444] [INFO] pomelo - [32m[E:\NodeJs-Projects\H5Game.Server\node_modules\pomelo\lib\application.js] [39m"connector-server-1" finish start
[2018-03-16 16:23:51.445] [INFO] pomelo - [32m[E:\NodeJs-Projects\H5Game.Server\node_modules\pomelo\lib\application.js] [39m"connector-server-1" startup in 410 ms
[2018-03-16 16:23:51.773] [DEBUG] pomelo - [36m[E:\NodeJs-Projects\H5Game.Server\node_modules\pomelo\lib\modules\monitorwatcher.js] [39m[connector-server-1] receive addServer signal: {"action":"addServer","server":{"main":"E:\\NodeJs-Projects\\H5Game.Server\\app.js","env":"development","id":"http-server-1","host":"127.0.0.1","port":53701,"entryJs":"restful.js","httpPort":58083,"args":"--debug=5859","serverType":"http","pid":17448}}
[2018-03-16 16:28:29.474] [INFO] pomelo - [32m[E:\NodeJs-Projects\H5Game.Server\node_modules\pomelo\lib\application.js] [39mapplication inited: "connector-server-1"
[2018-03-16 16:28:29.952] [INFO] pomelo - [32m[E:\NodeJs-Projects\H5Game.Server\node_modules\pomelo\lib\application.js] [39m"connector-server-1" enter after start...
[2018-03-16 16:28:29.956] [INFO] pomelo - [32m[E:\NodeJs-Projects\H5Game.Server\node_modules\pomelo\lib\application.js] [39m"connector-server-1" finish start
[2018-03-16 16:28:29.957] [INFO] pomelo - [32m[E:\NodeJs-Projects\H5Game.Server\node_modules\pomelo\lib\application.js] [39m"connector-server-1" startup in 424 ms
[2018-03-16 16:28:30.257] [DEBUG] pomelo - [36m[E:\NodeJs-Projects\H5Game.Server\node_modules\pomelo\lib\modules\monitorwatcher.js] [39m[connector-server-1] receive addServer signal: {"action":"addServer","server":{"main":"E:\\NodeJs-Projects\\H5Game.Server\\app.js","env":"development","id":"http-server-1","host":"127.0.0.1","port":53701,"entryJs":"restful.js","httpPort":58083,"args":"--debug=5859","serverType":"http","pid":10664}}
[2018-03-16 18:31:40.151] [INFO] pomelo - [32m[E:\NodeJs-Projects\H5Game.Server\node_modules\pomelo\lib\application.js] [39mapplication inited: "connector-server-1"
[2018-03-16 18:31:40.624] [INFO] pomelo - [32m[E:\NodeJs-Projects\H5Game.Server\node_modules\pomelo\lib\application.js] [39m"connector-server-1" enter after start...
[2018-03-16 18:31:40.628] [INFO] pomelo - [32m[E:\NodeJs-Projects\H5Game.Server\node_modules\pomelo\lib\application.js] [39m"connector-server-1" finish start
[2018-03-16 18:31:40.628] [INFO] pomelo - [32m[E:\NodeJs-Projects\H5Game.Server\node_modules\pomelo\lib\application.js] [39m"connector-server-1" startup in 418 ms
[2018-03-16 18:31:40.971] [DEBUG] pomelo - [36m[E:\NodeJs-Projects\H5Game.Server\node_modules\pomelo\lib\modules\monitorwatcher.js] [39m[connector-server-1] receive addServer signal: {"action":"addServer","server":{"main":"E:\\NodeJs-Projects\\H5Game.Server\\app.js","env":"development","id":"http-server-1","host":"127.0.0.1","port":53701,"entryJs":"restful.js","httpPort":58083,"args":"--debug=5859","serverType":"http","pid":18224}}
[2018-03-17 06:31:38.339] [DEBUG] pomelo - [36m[E:\NodeJs-Projects\H5Game.Server\node_modules\pomelo\lib\modules\monitorwatcher.js] [39mconnector-server-1 receive removeServer signal: {"action":"removeServer","id":"master-server-1"}
[2018-03-19 08:31:38.380] [DEBUG] pomelo - [36m[E:\NodeJs-Projects\H5Game.Server\node_modules\pomelo\lib\modules\monitorwatcher.js] [39mconnector-server-1 receive removeServer signal: {"action":"removeServer","id":"http-server-1"}
[2018-03-20 09:56:39.409] [INFO] pomelo - [32m[E:\NodeJs-Projects\H5Game.Server\node_modules\pomelo\lib\application.js] [39mapplication inited: "connector-server-1"
[2018-03-20 09:56:39.871] [INFO] pomelo - [32m[E:\NodeJs-Projects\H5Game.Server\node_modules\pomelo\lib\application.js] [39m"connector-server-1" enter after start...
[2018-03-20 09:56:39.875] [INFO] pomelo - [32m[E:\NodeJs-Projects\H5Game.Server\node_modules\pomelo\lib\application.js] [39m"connector-server-1" finish start
[2018-03-20 09:56:39.875] [INFO] pomelo - [32m[E:\NodeJs-Projects\H5Game.Server\node_modules\pomelo\lib\application.js] [39m"connector-server-1" startup in 408 ms
[2018-03-20 09:56:40.154] [DEBUG] pomelo - [36m[E:\NodeJs-Projects\H5Game.Server\node_modules\pomelo\lib\modules\monitorwatcher.js] [39m[connector-server-1] receive addServer signal: {"action":"addServer","server":{"main":"E:\\NodeJs-Projects\\H5Game.Server\\app.js","env":"development","id":"http-server-1","host":"127.0.0.1","port":4150,"entryJs":"restful.js","httpPort":4083,"args":0,"serverType":"http","pid":13364}}
[2018-03-20 10:29:48.567] [INFO] pomelo - [32m[E:\NodeJs-Projects\H5Game.Server\node_modules\pomelo\lib\application.js] [39mapplication inited: "connector-server-1"
[2018-03-20 10:29:49.021] [INFO] pomelo - [32m[E:\NodeJs-Projects\H5Game.Server\node_modules\pomelo\lib\application.js] [39m"connector-server-1" enter after start...
[2018-03-20 10:29:49.026] [INFO] pomelo - [32m[E:\NodeJs-Projects\H5Game.Server\node_modules\pomelo\lib\application.js] [39m"connector-server-1" finish start
[2018-03-20 10:29:49.026] [INFO] pomelo - [32m[E:\NodeJs-Projects\H5Game.Server\node_modules\pomelo\lib\application.js] [39m"connector-server-1" startup in 394 ms
[2018-03-20 10:29:49.330] [DEBUG] pomelo - [36m[E:\NodeJs-Projects\H5Game.Server\node_modules\pomelo\lib\modules\monitorwatcher.js] [39m[connector-server-1] receive addServer signal: {"action":"addServer","server":{"main":"E:\\NodeJs-Projects\\H5Game.Server\\app.js","env":"development","id":"http-server-1","host":"127.0.0.1","port":4150,"entryJs":"restful.js","httpPort":4083,"args":0,"serverType":"http","pid":11336}}
[2018-03-20 10:32:10.008] [INFO] pomelo - [32m[E:\NodeJs-Projects\H5Game.Server\node_modules\pomelo\lib\application.js] [39mapplication inited: "connector-server-1"
[2018-03-20 10:35:18.236] [INFO] pomelo - [32m[E:\NodeJs-Projects\H5Game.Server\node_modules\pomelo\lib\application.js] [39mapplication inited: "connector-server-1"
[2018-03-20 10:38:08.588] [INFO] pomelo - [32m[E:\NodeJs-Projects\H5Game.Server\node_modules\pomelo\lib\application.js] [39mapplication inited: "connector-server-1"
[2018-03-20 10:38:36.641] [INFO] pomelo - [32m[E:\NodeJs-Projects\H5Game.Server\node_modules\pomelo\lib\application.js] [39mapplication inited: "connector-server-1"
[2018-03-20 11:12:48.562] [INFO] pomelo - [32m[E:\NodeJs-Projects\H5Game.Server\node_modules\pomelo\lib\application.js] [39mapplication inited: "connector-server-1"
[2018-03-20 11:23:04.694] [INFO] pomelo - [32m[E:\NodeJs-Projects\H5Game.Server\node_modules\pomelo\lib\application.js] [39mapplication inited: "connector-server-1"
[2018-03-20 14:05:17.217] [INFO] pomelo - [32m[E:\NodeJs-Projects\H5Game.Server\node_modules\pomelo\lib\application.js] [39mapplication inited: "connector-server-1"
[2018-03-20 14:28:14.267] [INFO] pomelo - [32m[E:\NodeJs-Projects\H5Game.Server\node_modules\pomelo\lib\application.js] [39mapplication inited: "connector-server-1"
[2018-03-20 16:29:25.890] [INFO] pomelo - [32m[E:\NodeJs-Projects\H5Game.Server\node_modules\pomelo\lib\application.js] [39mapplication inited: "connector-server-1"
[2018-03-20 16:30:23.115] [INFO] pomelo - [32m[E:\NodeJs-Projects\H5Game.Server\node_modules\pomelo\lib\application.js] [39mapplication inited: "connector-server-1"
[2018-03-20 16:33:23.000] [INFO] pomelo - [32m[E:\NodeJs-Projects\H5Game.Server\node_modules\pomelo\lib\application.js] [39mapplication inited: "connector-server-1"
[2018-03-20 16:35:53.170] [INFO] pomelo - [32m[E:\NodeJs-Projects\H5Game.Server\node_modules\pomelo\lib\application.js] [39mapplication inited: "connector-server-1"
[2018-03-20 16:53:15.885] [INFO] pomelo - [32m[E:\NodeJs-Projects\H5Game.Server\node_modules\pomelo\lib\application.js] [39mapplication inited: "connector-server-1"
[2018-03-20 16:55:25.178] [INFO] pomelo - [32m[E:\NodeJs-Projects\H5Game.Server\node_modules\pomelo\lib\application.js] [39mapplication inited: "connector-server-1"
[2018-03-20 16:57:12.118] [INFO] pomelo - [32m[E:\NodeJs-Projects\H5Game.Server\node_modules\pomelo\lib\application.js] [39mapplication inited: "connector-server-1"
[2018-03-20 16:58:44.029] [INFO] pomelo - [32m[E:\NodeJs-Projects\H5Game.Server\node_modules\pomelo\lib\application.js] [39mapplication inited: "connector-server-1"
[2018-03-20 17:01:00.292] [INFO] pomelo - [32m[E:\NodeJs-Projects\H5Game.Server\node_modules\pomelo\lib\application.js] [39mapplication inited: "connector-server-1"
[2018-03-20 17:12:25.517] [INFO] pomelo - [32m[E:\NodeJs-Projects\H5Game.Server\node_modules\pomelo\lib\application.js] [39mapplication inited: "connector-server-1"
[2018-03-20 17:13:41.059] [INFO] pomelo - [32m[E:\NodeJs-Projects\H5Game.Server\node_modules\pomelo\lib\application.js] [39mapplication inited: "connector-server-1"
[2018-03-20 17:23:51.980] [INFO] pomelo - [32m[E:\NodeJs-Projects\H5Game.Server\node_modules\pomelo\lib\application.js] [39mapplication inited: "connector-server-1"
[2018-03-20 17:35:32.167] [INFO] pomelo - [32m[E:\NodeJs-Projects\H5Game.Server\node_modules\pomelo\lib\application.js] [39mapplication inited: "connector-server-1"
[2018-03-20 18:13:08.460] [INFO] pomelo - [32m[E:\NodeJs-Projects\H5Game.Server\node_modules\pomelo\lib\application.js] [39mapplication inited: "connector-server-1"
[2018-03-20 18:16:11.570] [INFO] pomelo - [32m[E:\NodeJs-Projects\H5Game.Server\node_modules\pomelo\lib\application.js] [39mapplication inited: "connector-server-1"
[2018-03-20 18:29:05.964] [INFO] pomelo - [32m[E:\NodeJs-Projects\H5Game.Server\node_modules\pomelo\lib\application.js] [39mapplication inited: "connector-server-1"
[2018-03-20 18:31:18.613] [INFO] pomelo - [32m[E:\NodeJs-Projects\H5Game.Server\node_modules\pomelo\lib\application.js] [39mapplication inited: "connector-server-1"
[2018-03-20 18:32:23.478] [INFO] pomelo - [32m[E:\NodeJs-Projects\H5Game.Server\node_modules\pomelo\lib\application.js] [39mapplication inited: "connector-server-1"
[2018-03-20 18:32:44.727] [INFO] pomelo - [32m[E:\NodeJs-Projects\H5Game.Server\node_modules\pomelo\lib\application.js] [39mapplication inited: "connector-server-1"
[2018-03-21 09:25:00.701] [INFO] pomelo - [32m[E:\NodeJs-Projects\H5Game.Server\node_modules\pomelo\lib\application.js] [39mapplication inited: "connector-server-1"
[2018-03-21 09:28:36.049] [INFO] pomelo - [32m[E:\NodeJs-Projects\H5Game.Server\node_modules\pomelo\lib\application.js] [39mapplication inited: "connector-server-1"
[2018-03-21 09:29:52.816] [INFO] pomelo - [32m[E:\NodeJs-Projects\H5Game.Server\node_modules\pomelo\lib\application.js] [39mapplication inited: "connector-server-1"
[2018-03-21 09:35:59.976] [INFO] pomelo - [32m[E:\NodeJs-Projects\H5Game.Server\node_modules\pomelo\lib\application.js] [39mapplication inited: "connector-server-1"
[2018-03-21 09:36:43.266] [INFO] pomelo - [32m[E:\NodeJs-Projects\H5Game.Server\node_modules\pomelo\lib\application.js] [39mapplication inited: "connector-server-1"
[2018-03-21 09:37:40.766] [INFO] pomelo - [32m[E:\NodeJs-Projects\H5Game.Server\node_modules\pomelo\lib\application.js] [39mapplication inited: "connector-server-1"
[2018-03-21 09:43:11.603] [INFO] pomelo - [32m[E:\NodeJs-Projects\H5Game.Server\node_modules\pomelo\lib\application.js] [39mapplication inited: "connector-server-1"
[2018-03-21 09:43:59.745] [INFO] pomelo - [32m[E:\NodeJs-Projects\H5Game.Server\node_modules\pomelo\lib\application.js] [39mapplication inited: "connector-server-1"
[2018-03-21 09:45:30.064] [INFO] pomelo - [32m[E:\NodeJs-Projects\H5Game.Server\node_modules\pomelo\lib\application.js] [39mapplication inited: "connector-server-1"
[2018-03-21 09:50:53.076] [INFO] pomelo - [32m[E:\NodeJs-Projects\H5Game.Server\node_modules\pomelo\lib\application.js] [39mapplication inited: "connector-server-1"
[2018-03-21 09:55:30.464] [INFO] pomelo - [32m[E:\NodeJs-Projects\H5Game.Server\node_modules\pomelo\lib\application.js] [39mapplication inited: "connector-server-1"
[2018-03-21 10:11:40.997] [INFO] pomelo - [32m[E:\NodeJs-Projects\H5Game.Server\node_modules\pomelo\lib\application.js] [39mapplication inited: "connector-server-1"
[2018-03-21 10:12:23.562] [INFO] pomelo - [32m[E:\NodeJs-Projects\H5Game.Server\node_modules\pomelo\lib\application.js] [39mapplication inited: "connector-server-1"
[2018-03-21 10:35:08.436] [INFO] pomelo - [32m[E:\NodeJs-Projects\H5Game.Server\node_modules\pomelo\lib\application.js] [39mapplication inited: "connector-server-1"
[2018-03-21 10:45:21.126] [INFO] pomelo - [32m[E:\NodeJs-Projects\H5Game.Server\node_modules\pomelo\lib\application.js] [39mapplication inited: "connector-server-1"
[2018-03-21 10:47:20.462] [INFO] pomelo - [32m[E:\NodeJs-Projects\H5Game.Server\node_modules\pomelo\lib\application.js] [39mapplication inited: "connector-server-1"
[2018-03-21 10:48:47.289] [INFO] pomelo - [32m[E:\NodeJs-Projects\H5Game.Server\node_modules\pomelo\lib\application.js] [39mapplication inited: "connector-server-1"
[2018-03-21 10:49:20.228] [INFO] pomelo - [32m[E:\NodeJs-Projects\H5Game.Server\node_modules\pomelo\lib\application.js] [39mapplication inited: "connector-server-1"
[2018-03-21 10:49:43.252] [INFO] pomelo - [32m[E:\NodeJs-Projects\H5Game.Server\node_modules\pomelo\lib\application.js] [39mapplication inited: "connector-server-1"
[2018-03-21 10:51:34.720] [INFO] pomelo - [32m[E:\NodeJs-Projects\H5Game.Server\node_modules\pomelo\lib\application.js] [39mapplication inited: "connector-server-1"
[2018-03-21 10:51:52.876] [INFO] pomelo - [32m[E:\NodeJs-Projects\H5Game.Server\node_modules\pomelo\lib\application.js] [39mapplication inited: "connector-server-1"
[2018-03-21 10:52:51.750] [INFO] pomelo - [32m[E:\NodeJs-Projects\H5Game.Server\node_modules\pomelo\lib\application.js] [39mapplication inited: "connector-server-1"
[2018-03-21 10:55:31.731] [INFO] pomelo - [32m[E:\NodeJs-Projects\H5Game.Server\node_modules\pomelo\lib\application.js] [39mapplication inited: "connector-server-1"
[2018-03-21 13:12:36.596] [INFO] pomelo - [32m[E:\NodeJs-Projects\H5Game.Server\node_modules\pomelo\lib\application.js] [39mapplication inited: "connector-server-1"
[2018-03-21 13:38:38.759] [INFO] pomelo - [32m[E:\NodeJs-Projects\H5Game.Server\node_modules\pomelo\lib\application.js] [39mapplication inited: "connector-server-1"
[2018-03-21 13:39:53.972] [INFO] pomelo - [32m[E:\NodeJs-Projects\H5Game.Server\node_modules\pomelo\lib\application.js] [39mapplication inited: "connector-server-1"
[2018-03-21 13:48:01.509] [INFO] pomelo - [32m[E:\NodeJs-Projects\H5Game.Server\node_modules\pomelo\lib\application.js] [39mapplication inited: "connector-server-1"
[2018-03-21 14:10:09.817] [INFO] pomelo - [32m[E:\NodeJs-Projects\H5Game.Server\node_modules\pomelo\lib\application.js] [39mapplication inited: "connector-server-1"
[2018-03-21 14:11:46.648] [INFO] pomelo - [32m[E:\NodeJs-Projects\H5Game.Server\node_modules\pomelo\lib\application.js] [39mapplication inited: "connector-server-1"
[2018-03-21 14:12:04.211] [INFO] pomelo - [32m[E:\NodeJs-Projects\H5Game.Server\node_modules\pomelo\lib\application.js] [39mapplication inited: "connector-server-1"
[2018-03-21 14:15:22.271] [INFO] pomelo - [32m[E:\NodeJs-Projects\H5Game.Server\node_modules\pomelo\lib\application.js] [39mapplication inited: "connector-server-1"
[2018-03-21 14:25:37.459] [INFO] pomelo - [32m[E:\NodeJs-Projects\H5Game.Server\node_modules\pomelo\lib\application.js] [39mapplication inited: "connector-server-1"
[2018-03-21 15:21:01.509] [INFO] pomelo - [32m[E:\NodeJs-Projects\H5Game.Server\node_modules\pomelo\lib\application.js] [39mapplication inited: "connector-server-1"
[2018-03-21 15:49:50.881] [INFO] pomelo - [32m[E:\NodeJs-Projects\H5Game.Server\node_modules\pomelo\lib\application.js] [39mapplication inited: "connector-server-1"
[2018-03-21 15:50:40.129] [INFO] pomelo - [32m[E:\NodeJs-Projects\H5Game.Server\node_modules\pomelo\lib\application.js] [39mapplication inited: "connector-server-1"
[2018-03-21 15:53:38.014] [INFO] pomelo - [32m[E:\NodeJs-Projects\H5Game.Server\node_modules\pomelo\lib\application.js] [39mapplication inited: "connector-server-1"
[2018-03-21 15:54:00.584] [INFO] pomelo - [32m[E:\NodeJs-Projects\H5Game.Server\node_modules\pomelo\lib\application.js] [39mapplication inited: "connector-server-1"
[2018-03-21 15:54:38.309] [INFO] pomelo - [32m[E:\NodeJs-Projects\H5Game.Server\node_modules\pomelo\lib\application.js] [39mapplication inited: "connector-server-1"
[2018-03-21 15:55:09.186] [INFO] pomelo - [32m[E:\NodeJs-Projects\H5Game.Server\node_modules\pomelo\lib\application.js] [39mapplication inited: "connector-server-1"
[2018-03-21 18:21:38.647] [INFO] pomelo - [32m[E:\NodeJs-Projects\H5Game.Server\node_modules\pomelo\lib\application.js] [39mapplication inited: "connector-server-1"
