[2018-03-16 12:04:48.854] [INFO] pomelo - [32m[E:\NodeJs-Projects\H5Game.Server\node_modules\pomelo\lib\application.js] [39mapplication inited: "http-server-1"
[2018-03-16 12:04:49.278] [INFO] pomelo - [32m[E:\NodeJs-Projects\H5Game.Server\node_modules\pomelo\lib\application.js] [39m"http-server-1" enter after start...
[2018-03-16 12:04:49.279] [INFO] pomelo - [32m[E:\NodeJs-Projects\H5Game.Server\node_modules\pomelo\lib\application.js] [39m"http-server-1" finish start
[2018-03-16 12:04:49.279] [INFO] pomelo - [32m[E:\NodeJs-Projects\H5Game.Server\node_modules\pomelo\lib\application.js] [39m"http-server-1" startup in 268 ms
[2018-03-16 13:46:45.322] [INFO] pomelo - [32m[E:\NodeJs-Projects\H5Game.Server\node_modules\pomelo\lib\application.js] [39mapplication inited: "http-server-1"
[2018-03-16 13:46:46.077] [INFO] pomelo - [32m[E:\NodeJs-Projects\H5Game.Server\node_modules\pomelo\lib\application.js] [39m"http-server-1" enter after start...
[2018-03-16 13:46:46.078] [INFO] pomelo - [32m[E:\NodeJs-Projects\H5Game.Server\node_modules\pomelo\lib\application.js] [39m"http-server-1" finish start
[2018-03-16 13:46:46.078] [INFO] pomelo - [32m[E:\NodeJs-Projects\H5Game.Server\node_modules\pomelo\lib\application.js] [39m"http-server-1" startup in 246 ms
[2018-03-16 13:58:11.702] [INFO] pomelo - [32m[E:\NodeJs-Projects\H5Game.Server\node_modules\pomelo\lib\application.js] [39mapplication inited: "http-server-1"
[2018-03-16 13:58:12.470] [INFO] pomelo - [32m[E:\NodeJs-Projects\H5Game.Server\node_modules\pomelo\lib\application.js] [39m"http-server-1" enter after start...
[2018-03-16 13:58:12.471] [INFO] pomelo - [32m[E:\NodeJs-Projects\H5Game.Server\node_modules\pomelo\lib\application.js] [39m"http-server-1" finish start
[2018-03-16 13:58:12.471] [INFO] pomelo - [32m[E:\NodeJs-Projects\H5Game.Server\node_modules\pomelo\lib\application.js] [39m"http-server-1" startup in 251 ms
[2018-03-16 14:00:18.011] [INFO] pomelo - [32m[E:\NodeJs-Projects\H5Game.Server\node_modules\pomelo\lib\application.js] [39mapplication inited: "http-server-1"
[2018-03-16 14:00:18.771] [INFO] pomelo - [32m[E:\NodeJs-Projects\H5Game.Server\node_modules\pomelo\lib\application.js] [39m"http-server-1" enter after start...
[2018-03-16 14:00:18.772] [INFO] pomelo - [32m[E:\NodeJs-Projects\H5Game.Server\node_modules\pomelo\lib\application.js] [39m"http-server-1" finish start
[2018-03-16 14:00:18.772] [INFO] pomelo - [32m[E:\NodeJs-Projects\H5Game.Server\node_modules\pomelo\lib\application.js] [39m"http-server-1" startup in 243 ms
[2018-03-16 14:01:12.296] [INFO] pomelo - [32m[E:\NodeJs-Projects\H5Game.Server\node_modules\pomelo\lib\application.js] [39mapplication inited: "http-server-1"
[2018-03-16 14:01:13.063] [INFO] pomelo - [32m[E:\NodeJs-Projects\H5Game.Server\node_modules\pomelo\lib\application.js] [39m"http-server-1" enter after start...
[2018-03-16 14:01:13.064] [INFO] pomelo - [32m[E:\NodeJs-Projects\H5Game.Server\node_modules\pomelo\lib\application.js] [39m"http-server-1" finish start
[2018-03-16 14:01:13.064] [INFO] pomelo - [32m[E:\NodeJs-Projects\H5Game.Server\node_modules\pomelo\lib\application.js] [39m"http-server-1" startup in 248 ms
[2018-03-16 14:10:31.863] [INFO] pomelo - [32m[E:\NodeJs-Projects\H5Game.Server\node_modules\pomelo\lib\application.js] [39mapplication inited: "http-server-1"
[2018-03-16 14:10:32.657] [INFO] pomelo - [32m[E:\NodeJs-Projects\H5Game.Server\node_modules\pomelo\lib\application.js] [39m"http-server-1" enter after start...
[2018-03-16 14:10:32.658] [INFO] pomelo - [32m[E:\NodeJs-Projects\H5Game.Server\node_modules\pomelo\lib\application.js] [39m"http-server-1" finish start
[2018-03-16 14:10:32.658] [INFO] pomelo - [32m[E:\NodeJs-Projects\H5Game.Server\node_modules\pomelo\lib\application.js] [39m"http-server-1" startup in 253 ms
[2018-03-16 14:18:07.885] [INFO] pomelo - [32m[E:\NodeJs-Projects\H5Game.Server\node_modules\pomelo\lib\application.js] [39mapplication inited: "http-server-1"
[2018-03-16 14:18:08.645] [INFO] pomelo - [32m[E:\NodeJs-Projects\H5Game.Server\node_modules\pomelo\lib\application.js] [39m"http-server-1" enter after start...
[2018-03-16 14:18:08.646] [INFO] pomelo - [32m[E:\NodeJs-Projects\H5Game.Server\node_modules\pomelo\lib\application.js] [39m"http-server-1" finish start
[2018-03-16 14:18:08.646] [INFO] pomelo - [32m[E:\NodeJs-Projects\H5Game.Server\node_modules\pomelo\lib\application.js] [39m"http-server-1" startup in 250 ms
[2018-03-16 14:19:52.850] [INFO] pomelo - [32m[E:\NodeJs-Projects\H5Game.Server\node_modules\pomelo\lib\application.js] [39mapplication inited: "http-server-1"
[2018-03-16 14:19:53.623] [INFO] pomelo - [32m[E:\NodeJs-Projects\H5Game.Server\node_modules\pomelo\lib\application.js] [39m"http-server-1" enter after start...
[2018-03-16 14:19:53.624] [INFO] pomelo - [32m[E:\NodeJs-Projects\H5Game.Server\node_modules\pomelo\lib\application.js] [39m"http-server-1" finish start
[2018-03-16 14:19:53.625] [INFO] pomelo - [32m[E:\NodeJs-Projects\H5Game.Server\node_modules\pomelo\lib\application.js] [39m"http-server-1" startup in 264 ms
[2018-03-16 14:20:44.503] [INFO] pomelo - [32m[E:\NodeJs-Projects\H5Game.Server\node_modules\pomelo\lib\application.js] [39mapplication inited: "http-server-1"
[2018-03-16 14:20:45.268] [INFO] pomelo - [32m[E:\NodeJs-Projects\H5Game.Server\node_modules\pomelo\lib\application.js] [39m"http-server-1" enter after start...
[2018-03-16 14:20:45.269] [INFO] pomelo - [32m[E:\NodeJs-Projects\H5Game.Server\node_modules\pomelo\lib\application.js] [39m"http-server-1" finish start
[2018-03-16 14:20:45.270] [INFO] pomelo - [32m[E:\NodeJs-Projects\H5Game.Server\node_modules\pomelo\lib\application.js] [39m"http-server-1" startup in 255 ms
[2018-03-16 14:21:45.874] [INFO] pomelo - [32m[E:\NodeJs-Projects\H5Game.Server\node_modules\pomelo\lib\application.js] [39mapplication inited: "http-server-1"
[2018-03-16 14:21:46.635] [INFO] pomelo - [32m[E:\NodeJs-Projects\H5Game.Server\node_modules\pomelo\lib\application.js] [39m"http-server-1" enter after start...
[2018-03-16 14:21:46.636] [INFO] pomelo - [32m[E:\NodeJs-Projects\H5Game.Server\node_modules\pomelo\lib\application.js] [39m"http-server-1" finish start
[2018-03-16 14:21:46.636] [INFO] pomelo - [32m[E:\NodeJs-Projects\H5Game.Server\node_modules\pomelo\lib\application.js] [39m"http-server-1" startup in 257 ms
[2018-03-16 14:24:09.440] [INFO] pomelo - [32m[E:\NodeJs-Projects\H5Game.Server\node_modules\pomelo\lib\application.js] [39mapplication inited: "http-server-1"
[2018-03-16 14:24:10.202] [INFO] pomelo - [32m[E:\NodeJs-Projects\H5Game.Server\node_modules\pomelo\lib\application.js] [39m"http-server-1" enter after start...
[2018-03-16 14:24:10.203] [INFO] pomelo - [32m[E:\NodeJs-Projects\H5Game.Server\node_modules\pomelo\lib\application.js] [39m"http-server-1" finish start
[2018-03-16 14:24:10.203] [INFO] pomelo - [32m[E:\NodeJs-Projects\H5Game.Server\node_modules\pomelo\lib\application.js] [39m"http-server-1" startup in 245 ms
[2018-03-16 14:25:04.516] [INFO] pomelo - [32m[E:\NodeJs-Projects\H5Game.Server\node_modules\pomelo\lib\application.js] [39mapplication inited: "http-server-1"
[2018-03-16 14:25:05.349] [INFO] pomelo - [32m[E:\NodeJs-Projects\H5Game.Server\node_modules\pomelo\lib\application.js] [39m"http-server-1" enter after start...
[2018-03-16 14:25:05.350] [INFO] pomelo - [32m[E:\NodeJs-Projects\H5Game.Server\node_modules\pomelo\lib\application.js] [39m"http-server-1" finish start
[2018-03-16 14:25:05.351] [INFO] pomelo - [32m[E:\NodeJs-Projects\H5Game.Server\node_modules\pomelo\lib\application.js] [39m"http-server-1" startup in 247 ms
[2018-03-16 14:31:26.926] [INFO] pomelo - [32m[E:\NodeJs-Projects\H5Game.Server\node_modules\pomelo\lib\application.js] [39mapplication inited: "http-server-1"
[2018-03-16 14:31:27.694] [INFO] pomelo - [32m[E:\NodeJs-Projects\H5Game.Server\node_modules\pomelo\lib\application.js] [39m"http-server-1" enter after start...
[2018-03-16 14:31:27.695] [INFO] pomelo - [32m[E:\NodeJs-Projects\H5Game.Server\node_modules\pomelo\lib\application.js] [39m"http-server-1" finish start
[2018-03-16 14:31:27.696] [INFO] pomelo - [32m[E:\NodeJs-Projects\H5Game.Server\node_modules\pomelo\lib\application.js] [39m"http-server-1" startup in 249 ms
[2018-03-16 14:37:40.425] [INFO] pomelo - [32m[E:\NodeJs-Projects\H5Game.Server\node_modules\pomelo\lib\application.js] [39mapplication inited: "http-server-1"
[2018-03-16 14:37:41.159] [INFO] pomelo - [32m[E:\NodeJs-Projects\H5Game.Server\node_modules\pomelo\lib\application.js] [39m"http-server-1" enter after start...
[2018-03-16 14:37:41.160] [INFO] pomelo - [32m[E:\NodeJs-Projects\H5Game.Server\node_modules\pomelo\lib\application.js] [39m"http-server-1" finish start
[2018-03-16 14:37:41.160] [INFO] pomelo - [32m[E:\NodeJs-Projects\H5Game.Server\node_modules\pomelo\lib\application.js] [39m"http-server-1" startup in 241 ms
[2018-03-16 14:41:40.892] [INFO] pomelo - [32m[E:\NodeJs-Projects\H5Game.Server\node_modules\pomelo\lib\application.js] [39mapplication inited: "http-server-1"
[2018-03-16 14:41:41.655] [INFO] pomelo - [32m[E:\NodeJs-Projects\H5Game.Server\node_modules\pomelo\lib\application.js] [39m"http-server-1" enter after start...
[2018-03-16 14:41:41.656] [INFO] pomelo - [32m[E:\NodeJs-Projects\H5Game.Server\node_modules\pomelo\lib\application.js] [39m"http-server-1" finish start
[2018-03-16 14:41:41.657] [INFO] pomelo - [32m[E:\NodeJs-Projects\H5Game.Server\node_modules\pomelo\lib\application.js] [39m"http-server-1" startup in 253 ms
[2018-03-16 14:42:24.389] [INFO] pomelo - [32m[E:\NodeJs-Projects\H5Game.Server\node_modules\pomelo\lib\application.js] [39mapplication inited: "http-server-1"
[2018-03-16 14:42:25.158] [INFO] pomelo - [32m[E:\NodeJs-Projects\H5Game.Server\node_modules\pomelo\lib\application.js] [39m"http-server-1" enter after start...
[2018-03-16 14:42:25.160] [INFO] pomelo - [32m[E:\NodeJs-Projects\H5Game.Server\node_modules\pomelo\lib\application.js] [39m"http-server-1" finish start
[2018-03-16 14:42:25.160] [INFO] pomelo - [32m[E:\NodeJs-Projects\H5Game.Server\node_modules\pomelo\lib\application.js] [39m"http-server-1" startup in 248 ms
[2018-03-16 14:52:20.335] [INFO] pomelo - [32m[E:\NodeJs-Projects\H5Game.Server\node_modules\pomelo\lib\application.js] [39mapplication inited: "http-server-1"
[2018-03-16 14:52:21.065] [INFO] pomelo - [32m[E:\NodeJs-Projects\H5Game.Server\node_modules\pomelo\lib\application.js] [39m"http-server-1" enter after start...
[2018-03-16 14:52:21.066] [INFO] pomelo - [32m[E:\NodeJs-Projects\H5Game.Server\node_modules\pomelo\lib\application.js] [39m"http-server-1" finish start
[2018-03-16 14:52:21.067] [INFO] pomelo - [32m[E:\NodeJs-Projects\H5Game.Server\node_modules\pomelo\lib\application.js] [39m"http-server-1" startup in 246 ms
[2018-03-16 14:55:12.426] [INFO] pomelo - [32m[E:\NodeJs-Projects\H5Game.Server\node_modules\pomelo\lib\application.js] [39mapplication inited: "http-server-1"
[2018-03-16 14:55:13.160] [INFO] pomelo - [32m[E:\NodeJs-Projects\H5Game.Server\node_modules\pomelo\lib\application.js] [39m"http-server-1" enter after start...
[2018-03-16 14:55:13.161] [INFO] pomelo - [32m[E:\NodeJs-Projects\H5Game.Server\node_modules\pomelo\lib\application.js] [39m"http-server-1" finish start
[2018-03-16 14:55:13.161] [INFO] pomelo - [32m[E:\NodeJs-Projects\H5Game.Server\node_modules\pomelo\lib\application.js] [39m"http-server-1" startup in 247 ms
[2018-03-16 15:04:49.592] [INFO] pomelo - [32m[E:\NodeJs-Projects\H5Game.Server\node_modules\pomelo\lib\application.js] [39mapplication inited: "http-server-1"
[2018-03-16 15:04:50.331] [INFO] pomelo - [32m[E:\NodeJs-Projects\H5Game.Server\node_modules\pomelo\lib\application.js] [39m"http-server-1" enter after start...
[2018-03-16 15:04:50.332] [INFO] pomelo - [32m[E:\NodeJs-Projects\H5Game.Server\node_modules\pomelo\lib\application.js] [39m"http-server-1" finish start
[2018-03-16 15:04:50.332] [INFO] pomelo - [32m[E:\NodeJs-Projects\H5Game.Server\node_modules\pomelo\lib\application.js] [39m"http-server-1" startup in 250 ms
[2018-03-16 15:05:18.996] [INFO] pomelo - [32m[E:\NodeJs-Projects\H5Game.Server\node_modules\pomelo\lib\application.js] [39mapplication inited: "http-server-1"
[2018-03-16 15:05:19.756] [INFO] pomelo - [32m[E:\NodeJs-Projects\H5Game.Server\node_modules\pomelo\lib\application.js] [39m"http-server-1" enter after start...
[2018-03-16 15:05:19.757] [INFO] pomelo - [32m[E:\NodeJs-Projects\H5Game.Server\node_modules\pomelo\lib\application.js] [39m"http-server-1" finish start
[2018-03-16 15:05:19.757] [INFO] pomelo - [32m[E:\NodeJs-Projects\H5Game.Server\node_modules\pomelo\lib\application.js] [39m"http-server-1" startup in 246 ms
[2018-03-16 15:05:55.835] [INFO] pomelo - [32m[E:\NodeJs-Projects\H5Game.Server\node_modules\pomelo\lib\application.js] [39mapplication inited: "http-server-1"
[2018-03-16 15:05:56.600] [INFO] pomelo - [32m[E:\NodeJs-Projects\H5Game.Server\node_modules\pomelo\lib\application.js] [39m"http-server-1" enter after start...
[2018-03-16 15:05:56.602] [INFO] pomelo - [32m[E:\NodeJs-Projects\H5Game.Server\node_modules\pomelo\lib\application.js] [39m"http-server-1" finish start
[2018-03-16 15:05:56.602] [INFO] pomelo - [32m[E:\NodeJs-Projects\H5Game.Server\node_modules\pomelo\lib\application.js] [39m"http-server-1" startup in 258 ms
[2018-03-16 15:15:19.282] [INFO] pomelo - [32m[E:\NodeJs-Projects\H5Game.Server\node_modules\pomelo\lib\application.js] [39mapplication inited: "http-server-1"
[2018-03-16 15:15:20.013] [INFO] pomelo - [32m[E:\NodeJs-Projects\H5Game.Server\node_modules\pomelo\lib\application.js] [39m"http-server-1" enter after start...
[2018-03-16 15:15:20.014] [INFO] pomelo - [32m[E:\NodeJs-Projects\H5Game.Server\node_modules\pomelo\lib\application.js] [39m"http-server-1" finish start
[2018-03-16 15:15:20.014] [INFO] pomelo - [32m[E:\NodeJs-Projects\H5Game.Server\node_modules\pomelo\lib\application.js] [39m"http-server-1" startup in 244 ms
[2018-03-16 15:16:05.147] [INFO] pomelo - [32m[E:\NodeJs-Projects\H5Game.Server\node_modules\pomelo\lib\application.js] [39mapplication inited: "http-server-1"
[2018-03-16 15:16:05.912] [INFO] pomelo - [32m[E:\NodeJs-Projects\H5Game.Server\node_modules\pomelo\lib\application.js] [39m"http-server-1" enter after start...
[2018-03-16 15:16:05.913] [INFO] pomelo - [32m[E:\NodeJs-Projects\H5Game.Server\node_modules\pomelo\lib\application.js] [39m"http-server-1" finish start
[2018-03-16 15:16:05.913] [INFO] pomelo - [32m[E:\NodeJs-Projects\H5Game.Server\node_modules\pomelo\lib\application.js] [39m"http-server-1" startup in 257 ms
[2018-03-16 15:39:45.599] [INFO] pomelo - [32m[E:\NodeJs-Projects\H5Game.Server\node_modules\pomelo\lib\application.js] [39mapplication inited: "http-server-1"
[2018-03-16 15:39:46.361] [INFO] pomelo - [32m[E:\NodeJs-Projects\H5Game.Server\node_modules\pomelo\lib\application.js] [39m"http-server-1" enter after start...
[2018-03-16 15:39:46.362] [INFO] pomelo - [32m[E:\NodeJs-Projects\H5Game.Server\node_modules\pomelo\lib\application.js] [39m"http-server-1" finish start
[2018-03-16 15:39:46.363] [INFO] pomelo - [32m[E:\NodeJs-Projects\H5Game.Server\node_modules\pomelo\lib\application.js] [39m"http-server-1" startup in 252 ms
[2018-03-16 15:43:16.046] [INFO] pomelo - [32m[E:\NodeJs-Projects\H5Game.Server\node_modules\pomelo\lib\application.js] [39mapplication inited: "http-server-1"
[2018-03-16 15:43:16.802] [INFO] pomelo - [32m[E:\NodeJs-Projects\H5Game.Server\node_modules\pomelo\lib\application.js] [39m"http-server-1" enter after start...
[2018-03-16 15:43:16.804] [INFO] pomelo - [32m[E:\NodeJs-Projects\H5Game.Server\node_modules\pomelo\lib\application.js] [39m"http-server-1" finish start
[2018-03-16 15:43:16.804] [INFO] pomelo - [32m[E:\NodeJs-Projects\H5Game.Server\node_modules\pomelo\lib\application.js] [39m"http-server-1" startup in 249 ms
[2018-03-16 15:46:06.384] [INFO] pomelo - [32m[E:\NodeJs-Projects\H5Game.Server\node_modules\pomelo\lib\application.js] [39mapplication inited: "http-server-1"
[2018-03-16 15:46:07.138] [INFO] pomelo - [32m[E:\NodeJs-Projects\H5Game.Server\node_modules\pomelo\lib\application.js] [39m"http-server-1" enter after start...
[2018-03-16 15:46:07.140] [INFO] pomelo - [32m[E:\NodeJs-Projects\H5Game.Server\node_modules\pomelo\lib\application.js] [39m"http-server-1" finish start
[2018-03-16 15:46:07.140] [INFO] pomelo - [32m[E:\NodeJs-Projects\H5Game.Server\node_modules\pomelo\lib\application.js] [39m"http-server-1" startup in 257 ms
[2018-03-16 15:47:02.449] [INFO] pomelo - [32m[E:\NodeJs-Projects\H5Game.Server\node_modules\pomelo\lib\application.js] [39mapplication inited: "http-server-1"
[2018-03-16 15:47:03.204] [INFO] pomelo - [32m[E:\NodeJs-Projects\H5Game.Server\node_modules\pomelo\lib\application.js] [39m"http-server-1" enter after start...
[2018-03-16 15:47:03.206] [INFO] pomelo - [32m[E:\NodeJs-Projects\H5Game.Server\node_modules\pomelo\lib\application.js] [39m"http-server-1" finish start
[2018-03-16 15:47:03.206] [INFO] pomelo - [32m[E:\NodeJs-Projects\H5Game.Server\node_modules\pomelo\lib\application.js] [39m"http-server-1" startup in 256 ms
[2018-03-16 15:49:15.620] [INFO] pomelo - [32m[E:\NodeJs-Projects\H5Game.Server\node_modules\pomelo\lib\application.js] [39mapplication inited: "http-server-1"
[2018-03-16 15:49:16.370] [INFO] pomelo - [32m[E:\NodeJs-Projects\H5Game.Server\node_modules\pomelo\lib\application.js] [39m"http-server-1" enter after start...
[2018-03-16 15:49:16.371] [INFO] pomelo - [32m[E:\NodeJs-Projects\H5Game.Server\node_modules\pomelo\lib\application.js] [39m"http-server-1" finish start
[2018-03-16 15:49:16.371] [INFO] pomelo - [32m[E:\NodeJs-Projects\H5Game.Server\node_modules\pomelo\lib\application.js] [39m"http-server-1" startup in 245 ms
[2018-03-16 15:49:59.474] [INFO] pomelo - [32m[E:\NodeJs-Projects\H5Game.Server\node_modules\pomelo\lib\application.js] [39mapplication inited: "http-server-1"
[2018-03-16 15:50:00.230] [INFO] pomelo - [32m[E:\NodeJs-Projects\H5Game.Server\node_modules\pomelo\lib\application.js] [39m"http-server-1" enter after start...
[2018-03-16 15:50:00.231] [INFO] pomelo - [32m[E:\NodeJs-Projects\H5Game.Server\node_modules\pomelo\lib\application.js] [39m"http-server-1" finish start
[2018-03-16 15:50:00.231] [INFO] pomelo - [32m[E:\NodeJs-Projects\H5Game.Server\node_modules\pomelo\lib\application.js] [39m"http-server-1" startup in 251 ms
[2018-03-16 15:51:04.020] [INFO] pomelo - [32m[E:\NodeJs-Projects\H5Game.Server\node_modules\pomelo\lib\application.js] [39mapplication inited: "http-server-1"
[2018-03-16 15:51:04.770] [INFO] pomelo - [32m[E:\NodeJs-Projects\H5Game.Server\node_modules\pomelo\lib\application.js] [39m"http-server-1" enter after start...
[2018-03-16 15:51:04.771] [INFO] pomelo - [32m[E:\NodeJs-Projects\H5Game.Server\node_modules\pomelo\lib\application.js] [39m"http-server-1" finish start
[2018-03-16 15:51:04.772] [INFO] pomelo - [32m[E:\NodeJs-Projects\H5Game.Server\node_modules\pomelo\lib\application.js] [39m"http-server-1" startup in 254 ms
[2018-03-16 15:52:17.853] [INFO] pomelo - [32m[E:\NodeJs-Projects\H5Game.Server\node_modules\pomelo\lib\application.js] [39mapplication inited: "http-server-1"
[2018-03-16 15:52:18.620] [INFO] pomelo - [32m[E:\NodeJs-Projects\H5Game.Server\node_modules\pomelo\lib\application.js] [39m"http-server-1" enter after start...
[2018-03-16 15:52:18.621] [INFO] pomelo - [32m[E:\NodeJs-Projects\H5Game.Server\node_modules\pomelo\lib\application.js] [39m"http-server-1" finish start
[2018-03-16 15:52:18.621] [INFO] pomelo - [32m[E:\NodeJs-Projects\H5Game.Server\node_modules\pomelo\lib\application.js] [39m"http-server-1" startup in 262 ms
[2018-03-16 15:54:40.498] [INFO] pomelo - [32m[E:\NodeJs-Projects\H5Game.Server\node_modules\pomelo\lib\application.js] [39mapplication inited: "http-server-1"
[2018-03-16 15:54:41.249] [INFO] pomelo - [32m[E:\NodeJs-Projects\H5Game.Server\node_modules\pomelo\lib\application.js] [39m"http-server-1" enter after start...
[2018-03-16 15:54:41.250] [INFO] pomelo - [32m[E:\NodeJs-Projects\H5Game.Server\node_modules\pomelo\lib\application.js] [39m"http-server-1" finish start
[2018-03-16 15:54:41.251] [INFO] pomelo - [32m[E:\NodeJs-Projects\H5Game.Server\node_modules\pomelo\lib\application.js] [39m"http-server-1" startup in 256 ms
[2018-03-16 15:55:53.902] [INFO] pomelo - [32m[E:\NodeJs-Projects\H5Game.Server\node_modules\pomelo\lib\application.js] [39mapplication inited: "http-server-1"
[2018-03-16 15:55:54.645] [INFO] pomelo - [32m[E:\NodeJs-Projects\H5Game.Server\node_modules\pomelo\lib\application.js] [39m"http-server-1" enter after start...
[2018-03-16 15:55:54.646] [INFO] pomelo - [32m[E:\NodeJs-Projects\H5Game.Server\node_modules\pomelo\lib\application.js] [39m"http-server-1" finish start
[2018-03-16 15:55:54.646] [INFO] pomelo - [32m[E:\NodeJs-Projects\H5Game.Server\node_modules\pomelo\lib\application.js] [39m"http-server-1" startup in 249 ms
[2018-03-16 16:00:09.130] [INFO] pomelo - [32m[E:\NodeJs-Projects\H5Game.Server\node_modules\pomelo\lib\application.js] [39mapplication inited: "http-server-1"
[2018-03-16 16:00:09.889] [INFO] pomelo - [32m[E:\NodeJs-Projects\H5Game.Server\node_modules\pomelo\lib\application.js] [39m"http-server-1" enter after start...
[2018-03-16 16:00:09.890] [INFO] pomelo - [32m[E:\NodeJs-Projects\H5Game.Server\node_modules\pomelo\lib\application.js] [39m"http-server-1" finish start
[2018-03-16 16:00:09.890] [INFO] pomelo - [32m[E:\NodeJs-Projects\H5Game.Server\node_modules\pomelo\lib\application.js] [39m"http-server-1" startup in 255 ms
[2018-03-16 16:11:10.632] [INFO] pomelo - [32m[E:\NodeJs-Projects\H5Game.Server\node_modules\pomelo\lib\application.js] [39mapplication inited: "http-server-1"
[2018-03-16 16:11:11.369] [INFO] pomelo - [32m[E:\NodeJs-Projects\H5Game.Server\node_modules\pomelo\lib\application.js] [39m"http-server-1" enter after start...
[2018-03-16 16:11:11.370] [INFO] pomelo - [32m[E:\NodeJs-Projects\H5Game.Server\node_modules\pomelo\lib\application.js] [39m"http-server-1" finish start
[2018-03-16 16:11:11.370] [INFO] pomelo - [32m[E:\NodeJs-Projects\H5Game.Server\node_modules\pomelo\lib\application.js] [39m"http-server-1" startup in 240 ms
[2018-03-16 16:22:17.396] [INFO] pomelo - [32m[E:\NodeJs-Projects\H5Game.Server\node_modules\pomelo\lib\application.js] [39mapplication inited: "http-server-1"
[2018-03-16 16:22:18.182] [INFO] pomelo - [32m[E:\NodeJs-Projects\H5Game.Server\node_modules\pomelo\lib\application.js] [39m"http-server-1" enter after start...
[2018-03-16 16:22:18.183] [INFO] pomelo - [32m[E:\NodeJs-Projects\H5Game.Server\node_modules\pomelo\lib\application.js] [39m"http-server-1" finish start
[2018-03-16 16:22:18.183] [INFO] pomelo - [32m[E:\NodeJs-Projects\H5Game.Server\node_modules\pomelo\lib\application.js] [39m"http-server-1" startup in 247 ms
[2018-03-16 16:22:39.752] [INFO] pomelo - [32m[E:\NodeJs-Projects\H5Game.Server\node_modules\pomelo\lib\application.js] [39mapplication inited: "http-server-1"
[2018-03-16 16:22:40.500] [INFO] pomelo - [32m[E:\NodeJs-Projects\H5Game.Server\node_modules\pomelo\lib\application.js] [39m"http-server-1" enter after start...
[2018-03-16 16:22:40.501] [INFO] pomelo - [32m[E:\NodeJs-Projects\H5Game.Server\node_modules\pomelo\lib\application.js] [39m"http-server-1" finish start
[2018-03-16 16:22:40.501] [INFO] pomelo - [32m[E:\NodeJs-Projects\H5Game.Server\node_modules\pomelo\lib\application.js] [39m"http-server-1" startup in 250 ms
[2018-03-16 16:23:51.039] [INFO] pomelo - [32m[E:\NodeJs-Projects\H5Game.Server\node_modules\pomelo\lib\application.js] [39mapplication inited: "http-server-1"
[2018-03-16 16:23:51.791] [INFO] pomelo - [32m[E:\NodeJs-Projects\H5Game.Server\node_modules\pomelo\lib\application.js] [39m"http-server-1" enter after start...
[2018-03-16 16:23:51.792] [INFO] pomelo - [32m[E:\NodeJs-Projects\H5Game.Server\node_modules\pomelo\lib\application.js] [39m"http-server-1" finish start
[2018-03-16 16:23:51.792] [INFO] pomelo - [32m[E:\NodeJs-Projects\H5Game.Server\node_modules\pomelo\lib\application.js] [39m"http-server-1" startup in 246 ms
[2018-03-16 16:28:29.538] [INFO] pomelo - [32m[E:\NodeJs-Projects\H5Game.Server\node_modules\pomelo\lib\application.js] [39mapplication inited: "http-server-1"
[2018-03-16 16:28:30.277] [INFO] pomelo - [32m[E:\NodeJs-Projects\H5Game.Server\node_modules\pomelo\lib\application.js] [39m"http-server-1" enter after start...
[2018-03-16 16:28:30.278] [INFO] pomelo - [32m[E:\NodeJs-Projects\H5Game.Server\node_modules\pomelo\lib\application.js] [39m"http-server-1" finish start
[2018-03-16 16:28:30.279] [INFO] pomelo - [32m[E:\NodeJs-Projects\H5Game.Server\node_modules\pomelo\lib\application.js] [39m"http-server-1" startup in 251 ms
[2018-03-16 18:31:40.214] [INFO] pomelo - [32m[E:\NodeJs-Projects\H5Game.Server\node_modules\pomelo\lib\application.js] [39mapplication inited: "http-server-1"
[2018-03-16 18:31:40.980] [INFO] pomelo - [32m[E:\NodeJs-Projects\H5Game.Server\node_modules\pomelo\lib\application.js] [39m"http-server-1" enter after start...
[2018-03-16 18:31:40.982] [INFO] pomelo - [32m[E:\NodeJs-Projects\H5Game.Server\node_modules\pomelo\lib\application.js] [39m"http-server-1" finish start
[2018-03-16 18:31:40.982] [INFO] pomelo - [32m[E:\NodeJs-Projects\H5Game.Server\node_modules\pomelo\lib\application.js] [39m"http-server-1" startup in 253 ms
[2018-03-17 06:31:38.341] [DEBUG] pomelo - [36m[E:\NodeJs-Projects\H5Game.Server\node_modules\pomelo\lib\modules\monitorwatcher.js] [39mhttp-server-1 receive removeServer signal: {"action":"removeServer","id":"master-server-1"}
[2018-03-20 09:56:39.412] [INFO] pomelo - [32m[E:\NodeJs-Projects\H5Game.Server\node_modules\pomelo\lib\application.js] [39mapplication inited: "http-server-1"
[2018-03-20 09:56:40.160] [INFO] pomelo - [32m[E:\NodeJs-Projects\H5Game.Server\node_modules\pomelo\lib\application.js] [39m"http-server-1" enter after start...
[2018-03-20 09:56:40.161] [INFO] pomelo - [32m[E:\NodeJs-Projects\H5Game.Server\node_modules\pomelo\lib\application.js] [39m"http-server-1" finish start
[2018-03-20 09:56:40.161] [INFO] pomelo - [32m[E:\NodeJs-Projects\H5Game.Server\node_modules\pomelo\lib\application.js] [39m"http-server-1" startup in 238 ms
[2018-03-20 10:29:48.579] [INFO] pomelo - [32m[E:\NodeJs-Projects\H5Game.Server\node_modules\pomelo\lib\application.js] [39mapplication inited: "http-server-1"
[2018-03-20 10:29:49.338] [INFO] pomelo - [32m[E:\NodeJs-Projects\H5Game.Server\node_modules\pomelo\lib\application.js] [39m"http-server-1" enter after start...
[2018-03-20 10:29:49.339] [INFO] pomelo - [32m[E:\NodeJs-Projects\H5Game.Server\node_modules\pomelo\lib\application.js] [39m"http-server-1" finish start
[2018-03-20 10:29:49.339] [INFO] pomelo - [32m[E:\NodeJs-Projects\H5Game.Server\node_modules\pomelo\lib\application.js] [39m"http-server-1" startup in 239 ms
[2018-03-20 10:32:10.021] [INFO] pomelo - [32m[E:\NodeJs-Projects\H5Game.Server\node_modules\pomelo\lib\application.js] [39mapplication inited: "http-server-1"
[2018-03-20 10:35:18.241] [INFO] pomelo - [32m[E:\NodeJs-Projects\H5Game.Server\node_modules\pomelo\lib\application.js] [39mapplication inited: "http-server-1"
[2018-03-20 10:38:08.601] [INFO] pomelo - [32m[E:\NodeJs-Projects\H5Game.Server\node_modules\pomelo\lib\application.js] [39mapplication inited: "http-server-1"
[2018-03-20 10:38:36.639] [INFO] pomelo - [32m[E:\NodeJs-Projects\H5Game.Server\node_modules\pomelo\lib\application.js] [39mapplication inited: "http-server-1"
[2018-03-20 11:12:48.572] [INFO] pomelo - [32m[E:\NodeJs-Projects\H5Game.Server\node_modules\pomelo\lib\application.js] [39mapplication inited: "http-server-1"
[2018-03-20 11:23:04.705] [INFO] pomelo - [32m[E:\NodeJs-Projects\H5Game.Server\node_modules\pomelo\lib\application.js] [39mapplication inited: "http-server-1"
[2018-03-20 14:05:17.229] [INFO] pomelo - [32m[E:\NodeJs-Projects\H5Game.Server\node_modules\pomelo\lib\application.js] [39mapplication inited: "http-server-1"
[2018-03-20 14:28:14.270] [INFO] pomelo - [32m[E:\NodeJs-Projects\H5Game.Server\node_modules\pomelo\lib\application.js] [39mapplication inited: "http-server-1"
[2018-03-20 16:29:25.899] [INFO] pomelo - [32m[E:\NodeJs-Projects\H5Game.Server\node_modules\pomelo\lib\application.js] [39mapplication inited: "http-server-1"
[2018-03-20 16:30:23.122] [INFO] pomelo - [32m[E:\NodeJs-Projects\H5Game.Server\node_modules\pomelo\lib\application.js] [39mapplication inited: "http-server-1"
[2018-03-20 16:33:23.005] [INFO] pomelo - [32m[E:\NodeJs-Projects\H5Game.Server\node_modules\pomelo\lib\application.js] [39mapplication inited: "http-server-1"
[2018-03-20 16:35:53.187] [INFO] pomelo - [32m[E:\NodeJs-Projects\H5Game.Server\node_modules\pomelo\lib\application.js] [39mapplication inited: "http-server-1"
[2018-03-20 16:53:15.909] [INFO] pomelo - [32m[E:\NodeJs-Projects\H5Game.Server\node_modules\pomelo\lib\application.js] [39mapplication inited: "http-server-1"
[2018-03-20 16:55:25.212] [INFO] pomelo - [32m[E:\NodeJs-Projects\H5Game.Server\node_modules\pomelo\lib\application.js] [39mapplication inited: "http-server-1"
[2018-03-20 16:57:12.129] [INFO] pomelo - [32m[E:\NodeJs-Projects\H5Game.Server\node_modules\pomelo\lib\application.js] [39mapplication inited: "http-server-1"
[2018-03-20 16:58:44.045] [INFO] pomelo - [32m[E:\NodeJs-Projects\H5Game.Server\node_modules\pomelo\lib\application.js] [39mapplication inited: "http-server-1"
[2018-03-20 17:01:00.298] [INFO] pomelo - [32m[E:\NodeJs-Projects\H5Game.Server\node_modules\pomelo\lib\application.js] [39mapplication inited: "http-server-1"
[2018-03-20 17:12:25.531] [INFO] pomelo - [32m[E:\NodeJs-Projects\H5Game.Server\node_modules\pomelo\lib\application.js] [39mapplication inited: "http-server-1"
[2018-03-20 17:13:41.054] [INFO] pomelo - [32m[E:\NodeJs-Projects\H5Game.Server\node_modules\pomelo\lib\application.js] [39mapplication inited: "http-server-1"
[2018-03-20 17:23:51.993] [INFO] pomelo - [32m[E:\NodeJs-Projects\H5Game.Server\node_modules\pomelo\lib\application.js] [39mapplication inited: "http-server-1"
[2018-03-20 17:35:32.173] [INFO] pomelo - [32m[E:\NodeJs-Projects\H5Game.Server\node_modules\pomelo\lib\application.js] [39mapplication inited: "http-server-1"
[2018-03-20 18:13:08.467] [INFO] pomelo - [32m[E:\NodeJs-Projects\H5Game.Server\node_modules\pomelo\lib\application.js] [39mapplication inited: "http-server-1"
[2018-03-20 18:16:11.581] [INFO] pomelo - [32m[E:\NodeJs-Projects\H5Game.Server\node_modules\pomelo\lib\application.js] [39mapplication inited: "http-server-1"
[2018-03-20 18:29:05.978] [INFO] pomelo - [32m[E:\NodeJs-Projects\H5Game.Server\node_modules\pomelo\lib\application.js] [39mapplication inited: "http-server-1"
[2018-03-20 18:31:18.607] [INFO] pomelo - [32m[E:\NodeJs-Projects\H5Game.Server\node_modules\pomelo\lib\application.js] [39mapplication inited: "http-server-1"
[2018-03-20 18:32:23.479] [INFO] pomelo - [32m[E:\NodeJs-Projects\H5Game.Server\node_modules\pomelo\lib\application.js] [39mapplication inited: "http-server-1"
[2018-03-20 18:32:44.744] [INFO] pomelo - [32m[E:\NodeJs-Projects\H5Game.Server\node_modules\pomelo\lib\application.js] [39mapplication inited: "http-server-1"
[2018-03-21 09:25:00.715] [INFO] pomelo - [32m[E:\NodeJs-Projects\H5Game.Server\node_modules\pomelo\lib\application.js] [39mapplication inited: "http-server-1"
[2018-03-21 09:28:36.053] [INFO] pomelo - [32m[E:\NodeJs-Projects\H5Game.Server\node_modules\pomelo\lib\application.js] [39mapplication inited: "http-server-1"
[2018-03-21 09:29:52.826] [INFO] pomelo - [32m[E:\NodeJs-Projects\H5Game.Server\node_modules\pomelo\lib\application.js] [39mapplication inited: "http-server-1"
[2018-03-21 09:35:59.987] [INFO] pomelo - [32m[E:\NodeJs-Projects\H5Game.Server\node_modules\pomelo\lib\application.js] [39mapplication inited: "http-server-1"
[2018-03-21 09:36:43.271] [INFO] pomelo - [32m[E:\NodeJs-Projects\H5Game.Server\node_modules\pomelo\lib\application.js] [39mapplication inited: "http-server-1"
[2018-03-21 09:37:40.775] [INFO] pomelo - [32m[E:\NodeJs-Projects\H5Game.Server\node_modules\pomelo\lib\application.js] [39mapplication inited: "http-server-1"
[2018-03-21 09:43:11.618] [INFO] pomelo - [32m[E:\NodeJs-Projects\H5Game.Server\node_modules\pomelo\lib\application.js] [39mapplication inited: "http-server-1"
[2018-03-21 09:43:59.730] [INFO] pomelo - [32m[E:\NodeJs-Projects\H5Game.Server\node_modules\pomelo\lib\application.js] [39mapplication inited: "http-server-1"
[2018-03-21 09:45:30.079] [INFO] pomelo - [32m[E:\NodeJs-Projects\H5Game.Server\node_modules\pomelo\lib\application.js] [39mapplication inited: "http-server-1"
[2018-03-21 09:50:53.083] [INFO] pomelo - [32m[E:\NodeJs-Projects\H5Game.Server\node_modules\pomelo\lib\application.js] [39mapplication inited: "http-server-1"
[2018-03-21 09:55:30.476] [INFO] pomelo - [32m[E:\NodeJs-Projects\H5Game.Server\node_modules\pomelo\lib\application.js] [39mapplication inited: "http-server-1"
[2018-03-21 10:11:41.007] [INFO] pomelo - [32m[E:\NodeJs-Projects\H5Game.Server\node_modules\pomelo\lib\application.js] [39mapplication inited: "http-server-1"
[2018-03-21 10:12:23.583] [INFO] pomelo - [32m[E:\NodeJs-Projects\H5Game.Server\node_modules\pomelo\lib\application.js] [39mapplication inited: "http-server-1"
[2018-03-21 10:35:08.446] [INFO] pomelo - [32m[E:\NodeJs-Projects\H5Game.Server\node_modules\pomelo\lib\application.js] [39mapplication inited: "http-server-1"
[2018-03-21 10:45:21.131] [INFO] pomelo - [32m[E:\NodeJs-Projects\H5Game.Server\node_modules\pomelo\lib\application.js] [39mapplication inited: "http-server-1"
[2018-03-21 10:47:20.489] [INFO] pomelo - [32m[E:\NodeJs-Projects\H5Game.Server\node_modules\pomelo\lib\application.js] [39mapplication inited: "http-server-1"
[2018-03-21 10:48:47.296] [INFO] pomelo - [32m[E:\NodeJs-Projects\H5Game.Server\node_modules\pomelo\lib\application.js] [39mapplication inited: "http-server-1"
[2018-03-21 10:49:20.245] [INFO] pomelo - [32m[E:\NodeJs-Projects\H5Game.Server\node_modules\pomelo\lib\application.js] [39mapplication inited: "http-server-1"
[2018-03-21 10:49:43.261] [INFO] pomelo - [32m[E:\NodeJs-Projects\H5Game.Server\node_modules\pomelo\lib\application.js] [39mapplication inited: "http-server-1"
[2018-03-21 10:51:34.726] [INFO] pomelo - [32m[E:\NodeJs-Projects\H5Game.Server\node_modules\pomelo\lib\application.js] [39mapplication inited: "http-server-1"
[2018-03-21 10:51:52.886] [INFO] pomelo - [32m[E:\NodeJs-Projects\H5Game.Server\node_modules\pomelo\lib\application.js] [39mapplication inited: "http-server-1"
[2018-03-21 10:52:51.758] [INFO] pomelo - [32m[E:\NodeJs-Projects\H5Game.Server\node_modules\pomelo\lib\application.js] [39mapplication inited: "http-server-1"
[2018-03-21 10:55:31.753] [INFO] pomelo - [32m[E:\NodeJs-Projects\H5Game.Server\node_modules\pomelo\lib\application.js] [39mapplication inited: "http-server-1"
[2018-03-21 13:12:36.605] [INFO] pomelo - [32m[E:\NodeJs-Projects\H5Game.Server\node_modules\pomelo\lib\application.js] [39mapplication inited: "http-server-1"
[2018-03-21 13:38:38.788] [INFO] pomelo - [32m[E:\NodeJs-Projects\H5Game.Server\node_modules\pomelo\lib\application.js] [39mapplication inited: "http-server-1"
[2018-03-21 13:39:54.022] [INFO] pomelo - [32m[E:\NodeJs-Projects\H5Game.Server\node_modules\pomelo\lib\application.js] [39mapplication inited: "http-server-1"
[2018-03-21 13:48:01.540] [INFO] pomelo - [32m[E:\NodeJs-Projects\H5Game.Server\node_modules\pomelo\lib\application.js] [39mapplication inited: "http-server-1"
[2018-03-21 14:10:09.882] [INFO] pomelo - [32m[E:\NodeJs-Projects\H5Game.Server\node_modules\pomelo\lib\application.js] [39mapplication inited: "http-server-1"
[2018-03-21 14:11:46.658] [INFO] pomelo - [32m[E:\NodeJs-Projects\H5Game.Server\node_modules\pomelo\lib\application.js] [39mapplication inited: "http-server-1"
[2018-03-21 14:12:04.225] [INFO] pomelo - [32m[E:\NodeJs-Projects\H5Game.Server\node_modules\pomelo\lib\application.js] [39mapplication inited: "http-server-1"
[2018-03-21 14:15:22.273] [INFO] pomelo - [32m[E:\NodeJs-Projects\H5Game.Server\node_modules\pomelo\lib\application.js] [39mapplication inited: "http-server-1"
[2018-03-21 14:25:37.472] [INFO] pomelo - [32m[E:\NodeJs-Projects\H5Game.Server\node_modules\pomelo\lib\application.js] [39mapplication inited: "http-server-1"
[2018-03-21 15:21:01.509] [INFO] pomelo - [32m[E:\NodeJs-Projects\H5Game.Server\node_modules\pomelo\lib\application.js] [39mapplication inited: "http-server-1"
[2018-03-21 15:49:50.910] [INFO] pomelo - [32m[E:\NodeJs-Projects\H5Game.Server\node_modules\pomelo\lib\application.js] [39mapplication inited: "http-server-1"
[2018-03-21 15:50:40.144] [INFO] pomelo - [32m[E:\NodeJs-Projects\H5Game.Server\node_modules\pomelo\lib\application.js] [39mapplication inited: "http-server-1"
[2018-03-21 15:53:38.049] [INFO] pomelo - [32m[E:\NodeJs-Projects\H5Game.Server\node_modules\pomelo\lib\application.js] [39mapplication inited: "http-server-1"
[2018-03-21 15:54:00.599] [INFO] pomelo - [32m[E:\NodeJs-Projects\H5Game.Server\node_modules\pomelo\lib\application.js] [39mapplication inited: "http-server-1"
[2018-03-21 15:54:38.335] [INFO] pomelo - [32m[E:\NodeJs-Projects\H5Game.Server\node_modules\pomelo\lib\application.js] [39mapplication inited: "http-server-1"
[2018-03-21 15:55:09.212] [INFO] pomelo - [32m[E:\NodeJs-Projects\H5Game.Server\node_modules\pomelo\lib\application.js] [39mapplication inited: "http-server-1"
[2018-03-21 18:21:38.666] [INFO] pomelo - [32m[E:\NodeJs-Projects\H5Game.Server\node_modules\pomelo\lib\application.js] [39mapplication inited: "http-server-1"
[2018-03-22 13:12:40.685] [INFO] pomelo - [32m[E:\NodeJs-Projects\H5Game.Server\node_modules\pomelo\lib\application.js] [39mapplication inited: "http-server-1"
[2018-03-22 13:14:04.150] [INFO] pomelo - [32m[E:\NodeJs-Projects\H5Game.Server\node_modules\pomelo\lib\application.js] [39mapplication inited: "http-server-1"
[2018-03-22 13:15:36.731] [INFO] pomelo - [32m[E:\NodeJs-Projects\H5Game.Server\node_modules\pomelo\lib\application.js] [39mapplication inited: "http-server-1"
[2018-03-22 13:51:16.217] [INFO] pomelo - [32m[E:\NodeJs-Projects\H5Game.Server\node_modules\pomelo\lib\application.js] [39mapplication inited: "http-server-1"
[2018-03-22 13:53:14.743] [INFO] pomelo - [32m[E:\NodeJs-Projects\H5Game.Server\node_modules\pomelo\lib\application.js] [39mapplication inited: "http-server-1"
[2018-03-22 13:55:05.484] [INFO] pomelo - [32m[E:\NodeJs-Projects\H5Game.Server\node_modules\pomelo\lib\application.js] [39mapplication inited: "http-server-1"
[2018-03-22 13:56:01.601] [INFO] pomelo - [32m[E:\NodeJs-Projects\H5Game.Server\node_modules\pomelo\lib\application.js] [39mapplication inited: "http-server-1"
